#
# A fatal error has been detected by the Java Runtime Environment:
#
#  SIGSEGV (0xb) at pc=0x000000010e782d3d, pid=29505, tid=24327
#
# JRE version: OpenJDK Runtime Environment Corretto-17.0.3.6.1 (17.0.3+6) (build 17.0.3+6-LTS)
# Java VM: OpenJDK 64-Bit Server VM Corretto-17.0.3.6.1 (17.0.3+6-LTS, mixed mode, sharing, tiered, compressed oops, compressed class ptrs, g1 gc, bsd-amd64)
# Problematic frame:
# V  [libjvm.dylib+0xa50d3d]  Symbol::as_C_string() const+0xd
#
# No core dump will be written. Core dumps have been disabled. To enable core dumping, try "ulimit -c unlimited" before starting Java again
#
# If you would like to submit a bug report, please visit:
#   https://github.com/corretto/corretto-17/issues/
#

---------------  S U M M A R Y ------------

Command Line: -XX:+ShowCodeDetailsInExceptionMessages -agentlib:jdwp=transport=dt_socket,suspend=y,address=localhost:50415 -ea -javaagent:/Users/sammy/eclipse/java-2022-06/Eclipse.app/Contents/Eclipse/configuration/org.eclipse.osgi/207/0/.cp/lib/javaagent-shaded.jar -Dfile.encoding=UTF-8 org.eclipse.jdt.internal.junit.runner.RemoteTestRunner -version 3 -port 50414 -testLoaderClass org.eclipse.jdt.internal.junit5.runner.JUnit5TestLoader -loaderpluginname org.eclipse.jdt.junit5.runtime -classNames TestMyArrayList

Host: "MacBookPro14,2" x86_64 3100 MHz, 4 cores, 8G, Darwin 21.6.0, macOS 12.5.1 (21G83)
Time: Tue Sep  6 09:48:54 2022 PDT elapsed time: 51.829645 seconds (0d 0h 0m 51s)

---------------  T H R E A D  ---------------

Current thread (0x00007f98788d4600):  JavaThread "JDWP Transport Listener: dt_socket" daemon [_thread_in_vm, id=24327, stack(0x000070000afbf000,0x000070000b0bf000)]

Stack: [0x000070000afbf000,0x000070000b0bf000],  sp=0x000070000b0bea80,  free space=1022k
Native frames: (J=compiled Java code, j=interpreted, Vv=VM code, C=native code)
V  [libjvm.dylib+0xa50d3d]  Symbol::as_C_string() const+0xd
V  [libjvm.dylib+0x6cdc53]  JvmtiEnv::GetClassSignature(oopDesc*, char**, char**)+0x103
V  [libjvm.dylib+0x68d10a]  jvmti_GetClassSignature(_jvmtiEnv*, _jclass*, char**, char**)+0x15a
C  [libjdwp.dylib+0x2a74a]  classSignature+0x7a
C  [libjdwp.dylib+0x5983]  signatureWithGeneric+0x53
C  [libjdwp.dylib+0x10af0]  debugLoop_run+0x1e0
C  [libjdwp.dylib+0x24fa6]  attachThread+0x76
V  [libjvm.dylib+0x6e6a77]  JvmtiAgentThread::call_start_function()+0x87
V  [libjvm.dylib+0xaa282e]  JavaThread::thread_main_inner()+0x13e
V  [libjvm.dylib+0xaa0c0a]  Thread::call_run()+0x10a
V  [libjvm.dylib+0x8abbc8]  thread_native_entry(Thread*)+0x148
C  [libsystem_pthread.dylib+0x64e1]  _pthread_start+0x7d
C  [libsystem_pthread.dylib+0x1f6b]  thread_start+0xf


siginfo: si_signo: 11 (SIGSEGV), si_code: 1 (SEGV_MAPERR), si_addr: 0x00000000006d000a

Register to memory mapping:

RAX=0x000000012ca6ae40 is pointing into metadata
RBX=0x00000000006d0006 is an unknown value
RCX=0x000000000000006e is an unknown value
RDX=0x0000000000000006 is an unknown value
RSP=0x000070000b0bea80 is pointing into the stack for thread: 0x00007f98788d4600
RBP=0x000070000b0beaa0 is pointing into the stack for thread: 0x00007f98788d4600
RSI=0x00007f987730b8c0 points into unknown readable memory: 0x7961727241794d4c | 4c 4d 79 41 72 72 61 79
RDI=0x00000000006d0006 is an unknown value
R8 =0x003b7473694c7961 is an unknown value
R9 =0x000000000000000b is an unknown value
R10=0x0000600001b0a3b8 points into unknown readable memory: 0x0000000000000000 | 00 00 00 00 00 00 00 00
R11=0xffffe0678c756700 is an unknown value
R12=0x0000600003604e10 points into unknown readable memory: 0x0000000000000002 | 02 00 00 00 00 00 00 00
R13=0x0000000800d06000 is a pointer to class: 
MyArrayList {0x0000000800d06000}
 - instance size:     3
 - klass size:        76
 - access:            public synchronized 
 - state:             fully_initialized
 - name:              'MyArrayList'
 - super:             'java/lang/Object'
 - sub:               
 - arrays:            NULL
 - methods:           Array<T>(0x000000012ca696e8)
 - method ordering:   Array<T>(0x000000012ca6a568)
 - default_methods:   Array<T>(0x0000000000000000)
 - local interfaces:  Array<T>(0x00000008005d7748)
 - trans. interfaces: Array<T>(0x00000008005d7748)
 - constants:         constant pool [114] {0x000000012ca6ae40} for 'MyArrayList' cache=0x000000012ca6b258
 - class loader data:  loader data: 0x0000600000900320 for instance a 'jdk/internal/loader/ClassLoaders$AppClassLoader'{0x0000000780000000}
 - source file:       'MyArrayList.java'
 - source debug extension:       SMAP
MyArrayList.java
Java
*S jdt
*F
1 MyArrayList.java
2 file:/Users/sammy/eclipse-workspace/MyArrayList/bin/
*L
*E

 - class annotations:       Array<T>(0x0000000000000000)
 - class type annotations:  Array<T>(0x0000000000000000)
 - field annotations:       Array<T>(0x0000000000000000)
 - field type annotations:  Array<T>(0x0000000000000000)
 - previous version:  constant pool [109] {0x000000012ca16970} for 'MyArrayList' (extra) cache=0x000000012ca2d918
 - generic signature: '
[error occurred during error reporting (printing register info), id 0xb, SIGSEGV (0xb) at pc=0x000000010e784532]

Registers:
RAX=0x000000012ca6ae40, RBX=0x00000000006d0006, RCX=0x000000000000006e, RDX=0x0000000000000006
RSP=0x000070000b0bea80, RBP=0x000070000b0beaa0, RSI=0x00007f987730b8c0, RDI=0x00000000006d0006
R8 =0x003b7473694c7961, R9 =0x000000000000000b, R10=0x0000600001b0a3b8, R11=0xffffe0678c756700
R12=0x0000600003604e10, R13=0x0000000800d06000, R14=0x000070000b0bebd0, R15=0x000070000b0beb88
RIP=0x000000010e782d3d, EFLAGS=0x0000000000010206, ERR=0x0000000000000004
  TRAPNO=0x000000000000000e

Top of Stack: (sp=0x000070000b0bea80)
0x000070000b0bea80:   000000012ca6ae40 0000000000000000
0x000070000b0bea90:   000070000b0bebd0 000070000b0beb88
0x000070000b0beaa0:   000070000b0beb10 000000010e3ffc53
0x000070000b0beab0:   00007f987730b8b0 00007f987730bc88
0x000070000b0beac0:   0000000000000001 00000000000003d8
0x000070000b0bead0:   00007f9877004200 000070000b0bebd0
0x000070000b0beae0:   00007f987730b8a0 000070000b0beb88
0x000070000b0beaf0:   00007f9877004200 00007f98788d4600
0x000070000b0beb00:   0000000787c913b0 0000000000000015
0x000070000b0beb10:   000070000b0beb70 000000010e3bf10a
0x000070000b0beb20:   00007f98788d4600 0000000000000000
0x000070000b0beb30:   00007f9800000000 0000000000000000
0x000070000b0beb40:   000070000b0bebd0 000070000b0bec20
0x000070000b0beb50:   000070000b0bebc8 000060000386cc20
0x000070000b0beb60:   000070000b0bebd0 00007f9877306b88
0x000070000b0beb70:   000070000b0bebb0 000000010cc9874a
0x000070000b0beb80:   000070000b0bebb0 0000600003a61fc0
0x000070000b0beb90:   000070000b0bec20 000000010cca3458
0x000070000b0beba0:   000070000b0bec78 00007f9877306b88
0x000070000b0bebb0:   000070000b0bebf0 000000010cc73983
0x000070000b0bebc0:   00000000000003d7 0000000000000000
0x000070000b0bebd0:   0000000000000000 000000010cc73930
0x000070000b0bebe0:   000070000b0bec78 000070000b0bec20
0x000070000b0bebf0:   000070000b0bee30 000000010cc7eaf0
0x000070000b0bec00:   000003d700000013 000000010e0d0200
0x000070000b0bec10:   0000600003a61fd0 00007ff81ea98414
0x000070000b0bec20:   0000600003a61fd8 0000000000000000
0x000070000b0bec30:   000003d700000013 000000010e0d0200
0x000070000b0bec40:   0000600003a61fd0 0000600003864320
0x000070000b0bec50:   000000010cc9be48 000000010cc9c010
0x000070000b0bec60:   000003d700000013 000000010e0d0200
0x000070000b0bec70:   0000600003a61fd0 000070000b0becc8 

Instructions: (pc=0x000000010e782d3d)
0x000000010e782c3d:   f7 d9 31 d2 66 2e 0f 1f 84 00 00 00 00 00 0f 1f
0x000000010e782c4d:   44 00 00 0f 10 44 17 06 0f 10 4c 17 16 0f 11 04
0x000000010e782c5d:   10 0f 11 4c 10 10 0f 10 44 17 26 0f 10 4c 17 36
0x000000010e782c6d:   0f 11 44 10 20 0f 11 4c 10 30 0f 10 44 17 46 0f
0x000000010e782c7d:   10 4c 17 56 0f 11 44 10 40 0f 11 4c 10 50 0f 10
0x000000010e782c8d:   44 17 66 0f 10 4c 17 76 0f 11 44 10 60 0f 11 4c
0x000000010e782c9d:   10 70 48 83 ea 80 48 83 c1 04 75 a7 4d 85 c0 74
0x000000010e782cad:   3f 4c 8d 1c 02 49 83 c3 10 48 01 fa 48 83 c2 16
0x000000010e782cbd:   49 c1 e0 05 31 c9 66 2e 0f 1f 84 00 00 00 00 00
0x000000010e782ccd:   0f 1f 00 0f 10 44 0a f0 0f 10 0c 0a 41 0f 11 44
0x000000010e782cdd:   0b f0 41 0f 11 0c 0b 48 83 c1 20 49 39 c8 75 e3
0x000000010e782ced:   4c 39 d6 0f 84 06 ff ff ff 41 f6 c2 18 0f 84 8f
0x000000010e782cfd:   fe ff ff 48 89 f1 44 89 d6 83 e6 f8 0f 1f 80 00
0x000000010e782d0d:   00 00 00 48 8b 54 0f 06 48 89 14 08 48 83 c1 08
0x000000010e782d1d:   48 39 ce 75 ee 4c 39 d6 0f 84 d1 fe ff ff e9 5f
0x000000010e782d2d:   fe ff ff 55 48 89 e5 41 57 41 56 53 50 48 89 fb
0x000000010e782d3d:   44 0f b7 7f 04 49 8d 7f 01 45 31 f6 31 f6 e8 50
0x000000010e782d4d:   d7 ed ff 0f b7 4b 04 41 39 cf 41 0f 42 cf 85 c9
0x000000010e782d5d:   0f 8e 89 00 00 00 41 89 ce 83 f9 08 72 1e 49 8d
0x000000010e782d6d:   14 1e 48 83 c2 06 48 39 d0 0f 83 80 00 00 00 4a
0x000000010e782d7d:   8d 14 30 48 8d 73 06 48 39 d6 73 73 31 c9 48 89
0x000000010e782d8d:   cf 48 f7 d7 4c 01 f7 4c 89 f6 48 83 e6 03 74 15
0x000000010e782d9d:   0f 1f 00 0f b6 54 0b 06 88 14 08 48 83 c1 01 48
0x000000010e782dad:   83 c6 ff 75 ee 48 83 ff 03 72 34 0f 1f 84 00 00
0x000000010e782dbd:   00 00 00 0f b6 54 0b 06 88 14 08 0f b6 54 0b 07
0x000000010e782dcd:   88 54 08 01 0f b6 54 0b 08 88 54 08 02 0f b6 54
0x000000010e782ddd:   0b 09 88 54 08 03 48 83 c1 04 49 39 ce 75 d4 42
0x000000010e782ded:   c6 04 30 00 48 83 c4 08 5b 41 5e 41 5f 5d c3 83
0x000000010e782dfd:   f9 20 73 07 31 c9 e9 e6 00 00 00 44 89 f1 83 e1
0x000000010e782e0d:   e0 48 8d 51 e0 48 89 d6 48 c1 ee 05 48 83 c6 01
0x000000010e782e1d:   41 89 f0 41 83 e0 03 48 83 fa 60 73 04 31 ff eb
0x000000010e782e2d:   6b 48 83 e6 fc 48 f7 de 31 ff 66 0f 1f 84 00 00 


Stack slot to memory mapping:
stack at sp + 0 slots: 0x000000012ca6ae40 is pointing into metadata
stack at sp + 1 slots: 0x0 is NULL
stack at sp + 2 slots: 0x000070000b0bebd0 is pointing into the stack for thread: 0x00007f98788d4600
stack at sp + 3 slots: 0x000070000b0beb88 is pointing into the stack for thread: 0x00007f98788d4600
stack at sp + 4 slots: 0x000070000b0beb10 is pointing into the stack for thread: 0x00007f98788d4600
stack at sp + 5 slots: 0x000000010e3ffc53: _ZN8JvmtiEnv17GetClassSignatureEP7oopDescPPcS3_+0x103 in /Users/sammy/Library/Java/JavaVirtualMachines/corretto-17.0.3/Contents/Home/lib/server/libjvm.dylib at 0x000000010dd32000
stack at sp + 6 slots: 0x00007f987730b8b0 points into unknown readable memory: 0x4c7961727241794d | 4d 79 41 72 72 61 79 4c
stack at sp + 7 slots: 0x00007f987730bc88 points into unknown readable memory: 0x0000000000000000 | 00 00 00 00 00 00 00 00


---------------  P R O C E S S  ---------------

Threads class SMR info:
_java_thread_list=0x00006000038394e0, length=15, elements={
0x00007f9878009000, 0x00007f987809bc00, 0x00007f987809e400, 0x00007f987881e200,
0x00007f987881b800, 0x00007f987881be00, 0x00007f987881c400, 0x00007f987809c800,
0x00007f987809c200, 0x00007f987680e200, 0x00007f98788d4600, 0x00007f98788d4c00,
0x00007f987780de00, 0x00007f9876892400, 0x00007f98780bc600
}

Java Threads: ( => current thread )
  0x00007f9878009000 JavaThread "main" [_thread_blocked, id=9475, stack(0x0000700009e89000,0x0000700009f89000)]
  0x00007f987809bc00 JavaThread "Reference Handler" daemon [_thread_blocked, id=17411, stack(0x000070000a59e000,0x000070000a69e000)]
  0x00007f987809e400 JavaThread "Finalizer" daemon [_thread_blocked, id=17155, stack(0x000070000a6a1000,0x000070000a7a1000)]
  0x00007f987881e200 JavaThread "Signal Dispatcher" daemon [_thread_blocked, id=23043, stack(0x000070000a8aa000,0x000070000a9aa000)]
  0x00007f987881b800 JavaThread "Service Thread" daemon [_thread_blocked, id=42499, stack(0x000070000a9ad000,0x000070000aaad000)]
  0x00007f987881be00 JavaThread "Monitor Deflation Thread" daemon [_thread_blocked, id=41987, stack(0x000070000aab0000,0x000070000abb0000)]
  0x00007f987881c400 JavaThread "C2 CompilerThread0" daemon [_thread_blocked, id=41475, stack(0x000070000abb3000,0x000070000acb3000)]
  0x00007f987809c800 JavaThread "C1 CompilerThread0" daemon [_thread_blocked, id=23555, stack(0x000070000acb6000,0x000070000adb6000)]
  0x00007f987809c200 JavaThread "Sweeper thread" daemon [_thread_blocked, id=23811, stack(0x000070000adb9000,0x000070000aeb9000)]
  0x00007f987680e200 JavaThread "Common-Cleaner" daemon [_thread_blocked, id=40707, stack(0x000070000aebc000,0x000070000afbc000)]
=>0x00007f98788d4600 JavaThread "JDWP Transport Listener: dt_socket" daemon [_thread_in_vm, id=24327, stack(0x000070000afbf000,0x000070000b0bf000)]
  0x00007f98788d4c00 JavaThread "JDWP Event Helper Thread" daemon [_thread_blocked, id=24579, stack(0x000070000b0c2000,0x000070000b1c2000)]
  0x00007f987780de00 JavaThread "JDWP Command Reader" daemon [_thread_in_native, id=39939, stack(0x000070000b1c5000,0x000070000b2c5000)]
  0x00007f9876892400 JavaThread "Notification Thread" daemon [_thread_blocked, id=39427, stack(0x000070000b2c8000,0x000070000b3c8000)]
  0x00007f98780bc600 JavaThread "ReaderThread" [_thread_in_native, id=38403, stack(0x000070000b7d7000,0x000070000b8d7000)]

Other Threads:
  0x00007f9877104f30 VMThread "VM Thread" [stack: 0x000070000a49b000,0x000070000a59b000] [id=17667]
  0x00007f9877311880 WatcherThread [stack: 0x000070000b3cb000,0x000070000b4cb000] [id=38915]
  0x00007f9877006a70 GCTaskThread "GC Thread#0" [stack: 0x0000700009f8c000,0x000070000a08c000] [id=12547]
  0x00007f987670eb10 GCTaskThread "GC Thread#1" [stack: 0x000070000b4ce000,0x000070000b5ce000] [id=25347]
  0x00007f987670ef80 GCTaskThread "GC Thread#2" [stack: 0x000070000b5d1000,0x000070000b6d1000] [id=25859]
  0x00007f9877128780 GCTaskThread "GC Thread#3" [stack: 0x000070000b6d4000,0x000070000b7d4000] [id=26371]
  0x00007f9877007110 ConcurrentGCThread "G1 Main Marker" [stack: 0x000070000a08f000,0x000070000a18f000] [id=19971]
  0x00007f9877007990 ConcurrentGCThread "G1 Conc#0" [stack: 0x000070000a192000,0x000070000a292000] [id=13571]
  0x00007f98770091f0 ConcurrentGCThread "G1 Refine#0" [stack: 0x000070000a295000,0x000070000a395000] [id=19203]
  0x00007f9877009a80 ConcurrentGCThread "G1 Service" [stack: 0x000070000a398000,0x000070000a498000] [id=14339]

Threads with active compile tasks:

VM state: not at safepoint (normal execution)

VM Mutex/Monitor currently owned by a thread: None

Heap address: 0x0000000780000000, size: 2048 MB, Compressed Oops mode: Zero based, Oop shift amount: 3

CDS archive(s) mapped at: [0x0000000800000000-0x0000000800bd2000-0x0000000800bd2000), size 12394496, SharedBaseAddress: 0x0000000800000000, ArchiveRelocationMode: 0.
Compressed class space mapped at: 0x0000000800c00000-0x0000000840c00000, reserved size: 1073741824
Narrow klass base: 0x0000000800000000, Narrow klass shift: 0, Narrow klass range: 0x100000000

GC Precious Log:
 CPUs: 4 total, 4 available
 Memory: 8192M
 Large Page Support: Disabled
 NUMA Support: Disabled
 Compressed Oops: Enabled (Zero based)
 Heap Region Size: 1M
 Heap Min Capacity: 8M
 Heap Initial Capacity: 128M
 Heap Max Capacity: 2G
 Pre-touch: Disabled
 Parallel Workers: 4
 Concurrent Workers: 1
 Concurrent Refinement Workers: 4
 Periodic GC: Disabled

Heap:
 garbage-first heap   total 133120K, used 11891K [0x0000000780000000, 0x0000000800000000)
  region size 1024K, 11 young (11264K), 2 survivors (2048K)
 Metaspace       used 7381K, committed 7552K, reserved 1056768K
  class space    used 868K, committed 960K, reserved 1048576K

Heap Regions: E=young(eden), S=young(survivor), O=old, HS=humongous(starts), HC=humongous(continues), CS=collection set, F=free, OA=open archive, CA=closed archive, TAMS=top-at-mark-start (previous, next)
|   0|0x0000000780000000, 0x0000000780100000, 0x0000000780100000|100%| O|  |TAMS 0x0000000780000000, 0x0000000780000000| Untracked 
|   1|0x0000000780100000, 0x0000000780195608, 0x0000000780200000| 58%| O|  |TAMS 0x0000000780100000, 0x0000000780100000| Untracked 
|   2|0x0000000780200000, 0x0000000780200000, 0x0000000780300000|  0%| F|  |TAMS 0x0000000780200000, 0x0000000780200000| Untracked 
|   3|0x0000000780300000, 0x0000000780300000, 0x0000000780400000|  0%| F|  |TAMS 0x0000000780300000, 0x0000000780300000| Untracked 
|   4|0x0000000780400000, 0x0000000780400000, 0x0000000780500000|  0%| F|  |TAMS 0x0000000780400000, 0x0000000780400000| Untracked 
|   5|0x0000000780500000, 0x0000000780500000, 0x0000000780600000|  0%| F|  |TAMS 0x0000000780500000, 0x0000000780500000| Untracked 
|   6|0x0000000780600000, 0x0000000780600000, 0x0000000780700000|  0%| F|  |TAMS 0x0000000780600000, 0x0000000780600000| Untracked 
|   7|0x0000000780700000, 0x0000000780700000, 0x0000000780800000|  0%| F|  |TAMS 0x0000000780700000, 0x0000000780700000| Untracked 
|   8|0x0000000780800000, 0x0000000780800000, 0x0000000780900000|  0%| F|  |TAMS 0x0000000780800000, 0x0000000780800000| Untracked 
|   9|0x0000000780900000, 0x0000000780900000, 0x0000000780a00000|  0%| F|  |TAMS 0x0000000780900000, 0x0000000780900000| Untracked 
|  10|0x0000000780a00000, 0x0000000780a00000, 0x0000000780b00000|  0%| F|  |TAMS 0x0000000780a00000, 0x0000000780a00000| Untracked 
|  11|0x0000000780b00000, 0x0000000780b00000, 0x0000000780c00000|  0%| F|  |TAMS 0x0000000780b00000, 0x0000000780b00000| Untracked 
|  12|0x0000000780c00000, 0x0000000780c00000, 0x0000000780d00000|  0%| F|  |TAMS 0x0000000780c00000, 0x0000000780c00000| Untracked 
|  13|0x0000000780d00000, 0x0000000780d00000, 0x0000000780e00000|  0%| F|  |TAMS 0x0000000780d00000, 0x0000000780d00000| Untracked 
|  14|0x0000000780e00000, 0x0000000780e00000, 0x0000000780f00000|  0%| F|  |TAMS 0x0000000780e00000, 0x0000000780e00000| Untracked 
|  15|0x0000000780f00000, 0x0000000780f00000, 0x0000000781000000|  0%| F|  |TAMS 0x0000000780f00000, 0x0000000780f00000| Untracked 
|  16|0x0000000781000000, 0x0000000781000000, 0x0000000781100000|  0%| F|  |TAMS 0x0000000781000000, 0x0000000781000000| Untracked 
|  17|0x0000000781100000, 0x0000000781100000, 0x0000000781200000|  0%| F|  |TAMS 0x0000000781100000, 0x0000000781100000| Untracked 
|  18|0x0000000781200000, 0x0000000781200000, 0x0000000781300000|  0%| F|  |TAMS 0x0000000781200000, 0x0000000781200000| Untracked 
|  19|0x0000000781300000, 0x0000000781300000, 0x0000000781400000|  0%| F|  |TAMS 0x0000000781300000, 0x0000000781300000| Untracked 
|  20|0x0000000781400000, 0x0000000781400000, 0x0000000781500000|  0%| F|  |TAMS 0x0000000781400000, 0x0000000781400000| Untracked 
|  21|0x0000000781500000, 0x0000000781500000, 0x0000000781600000|  0%| F|  |TAMS 0x0000000781500000, 0x0000000781500000| Untracked 
|  22|0x0000000781600000, 0x0000000781600000, 0x0000000781700000|  0%| F|  |TAMS 0x0000000781600000, 0x0000000781600000| Untracked 
|  23|0x0000000781700000, 0x0000000781700000, 0x0000000781800000|  0%| F|  |TAMS 0x0000000781700000, 0x0000000781700000| Untracked 
|  24|0x0000000781800000, 0x0000000781800000, 0x0000000781900000|  0%| F|  |TAMS 0x0000000781800000, 0x0000000781800000| Untracked 
|  25|0x0000000781900000, 0x0000000781900000, 0x0000000781a00000|  0%| F|  |TAMS 0x0000000781900000, 0x0000000781900000| Untracked 
|  26|0x0000000781a00000, 0x0000000781a00000, 0x0000000781b00000|  0%| F|  |TAMS 0x0000000781a00000, 0x0000000781a00000| Untracked 
|  27|0x0000000781b00000, 0x0000000781b00000, 0x0000000781c00000|  0%| F|  |TAMS 0x0000000781b00000, 0x0000000781b00000| Untracked 
|  28|0x0000000781c00000, 0x0000000781c00000, 0x0000000781d00000|  0%| F|  |TAMS 0x0000000781c00000, 0x0000000781c00000| Untracked 
|  29|0x0000000781d00000, 0x0000000781d00000, 0x0000000781e00000|  0%| F|  |TAMS 0x0000000781d00000, 0x0000000781d00000| Untracked 
|  30|0x0000000781e00000, 0x0000000781e00000, 0x0000000781f00000|  0%| F|  |TAMS 0x0000000781e00000, 0x0000000781e00000| Untracked 
|  31|0x0000000781f00000, 0x0000000781f00000, 0x0000000782000000|  0%| F|  |TAMS 0x0000000781f00000, 0x0000000781f00000| Untracked 
|  32|0x0000000782000000, 0x0000000782000000, 0x0000000782100000|  0%| F|  |TAMS 0x0000000782000000, 0x0000000782000000| Untracked 
|  33|0x0000000782100000, 0x0000000782100000, 0x0000000782200000|  0%| F|  |TAMS 0x0000000782100000, 0x0000000782100000| Untracked 
|  34|0x0000000782200000, 0x0000000782200000, 0x0000000782300000|  0%| F|  |TAMS 0x0000000782200000, 0x0000000782200000| Untracked 
|  35|0x0000000782300000, 0x0000000782300000, 0x0000000782400000|  0%| F|  |TAMS 0x0000000782300000, 0x0000000782300000| Untracked 
|  36|0x0000000782400000, 0x0000000782400000, 0x0000000782500000|  0%| F|  |TAMS 0x0000000782400000, 0x0000000782400000| Untracked 
|  37|0x0000000782500000, 0x0000000782500000, 0x0000000782600000|  0%| F|  |TAMS 0x0000000782500000, 0x0000000782500000| Untracked 
|  38|0x0000000782600000, 0x0000000782600000, 0x0000000782700000|  0%| F|  |TAMS 0x0000000782600000, 0x0000000782600000| Untracked 
|  39|0x0000000782700000, 0x0000000782700000, 0x0000000782800000|  0%| F|  |TAMS 0x0000000782700000, 0x0000000782700000| Untracked 
|  40|0x0000000782800000, 0x0000000782800000, 0x0000000782900000|  0%| F|  |TAMS 0x0000000782800000, 0x0000000782800000| Untracked 
|  41|0x0000000782900000, 0x0000000782900000, 0x0000000782a00000|  0%| F|  |TAMS 0x0000000782900000, 0x0000000782900000| Untracked 
|  42|0x0000000782a00000, 0x0000000782a00000, 0x0000000782b00000|  0%| F|  |TAMS 0x0000000782a00000, 0x0000000782a00000| Untracked 
|  43|0x0000000782b00000, 0x0000000782b00000, 0x0000000782c00000|  0%| F|  |TAMS 0x0000000782b00000, 0x0000000782b00000| Untracked 
|  44|0x0000000782c00000, 0x0000000782c00000, 0x0000000782d00000|  0%| F|  |TAMS 0x0000000782c00000, 0x0000000782c00000| Untracked 
|  45|0x0000000782d00000, 0x0000000782d00000, 0x0000000782e00000|  0%| F|  |TAMS 0x0000000782d00000, 0x0000000782d00000| Untracked 
|  46|0x0000000782e00000, 0x0000000782e00000, 0x0000000782f00000|  0%| F|  |TAMS 0x0000000782e00000, 0x0000000782e00000| Untracked 
|  47|0x0000000782f00000, 0x0000000782f00000, 0x0000000783000000|  0%| F|  |TAMS 0x0000000782f00000, 0x0000000782f00000| Untracked 
|  48|0x0000000783000000, 0x0000000783000000, 0x0000000783100000|  0%| F|  |TAMS 0x0000000783000000, 0x0000000783000000| Untracked 
|  49|0x0000000783100000, 0x0000000783100000, 0x0000000783200000|  0%| F|  |TAMS 0x0000000783100000, 0x0000000783100000| Untracked 
|  50|0x0000000783200000, 0x0000000783200000, 0x0000000783300000|  0%| F|  |TAMS 0x0000000783200000, 0x0000000783200000| Untracked 
|  51|0x0000000783300000, 0x0000000783300000, 0x0000000783400000|  0%| F|  |TAMS 0x0000000783300000, 0x0000000783300000| Untracked 
|  52|0x0000000783400000, 0x0000000783400000, 0x0000000783500000|  0%| F|  |TAMS 0x0000000783400000, 0x0000000783400000| Untracked 
|  53|0x0000000783500000, 0x0000000783500000, 0x0000000783600000|  0%| F|  |TAMS 0x0000000783500000, 0x0000000783500000| Untracked 
|  54|0x0000000783600000, 0x0000000783600000, 0x0000000783700000|  0%| F|  |TAMS 0x0000000783600000, 0x0000000783600000| Untracked 
|  55|0x0000000783700000, 0x0000000783700000, 0x0000000783800000|  0%| F|  |TAMS 0x0000000783700000, 0x0000000783700000| Untracked 
|  56|0x0000000783800000, 0x0000000783800000, 0x0000000783900000|  0%| F|  |TAMS 0x0000000783800000, 0x0000000783800000| Untracked 
|  57|0x0000000783900000, 0x0000000783900000, 0x0000000783a00000|  0%| F|  |TAMS 0x0000000783900000, 0x0000000783900000| Untracked 
|  58|0x0000000783a00000, 0x0000000783a00000, 0x0000000783b00000|  0%| F|  |TAMS 0x0000000783a00000, 0x0000000783a00000| Untracked 
|  59|0x0000000783b00000, 0x0000000783b00000, 0x0000000783c00000|  0%| F|  |TAMS 0x0000000783b00000, 0x0000000783b00000| Untracked 
|  60|0x0000000783c00000, 0x0000000783c00000, 0x0000000783d00000|  0%| F|  |TAMS 0x0000000783c00000, 0x0000000783c00000| Untracked 
|  61|0x0000000783d00000, 0x0000000783d00000, 0x0000000783e00000|  0%| F|  |TAMS 0x0000000783d00000, 0x0000000783d00000| Untracked 
|  62|0x0000000783e00000, 0x0000000783e00000, 0x0000000783f00000|  0%| F|  |TAMS 0x0000000783e00000, 0x0000000783e00000| Untracked 
|  63|0x0000000783f00000, 0x0000000783f00000, 0x0000000784000000|  0%| F|  |TAMS 0x0000000783f00000, 0x0000000783f00000| Untracked 
|  64|0x0000000784000000, 0x0000000784000000, 0x0000000784100000|  0%| F|  |TAMS 0x0000000784000000, 0x0000000784000000| Untracked 
|  65|0x0000000784100000, 0x0000000784100000, 0x0000000784200000|  0%| F|  |TAMS 0x0000000784100000, 0x0000000784100000| Untracked 
|  66|0x0000000784200000, 0x0000000784200000, 0x0000000784300000|  0%| F|  |TAMS 0x0000000784200000, 0x0000000784200000| Untracked 
|  67|0x0000000784300000, 0x0000000784300000, 0x0000000784400000|  0%| F|  |TAMS 0x0000000784300000, 0x0000000784300000| Untracked 
|  68|0x0000000784400000, 0x0000000784400000, 0x0000000784500000|  0%| F|  |TAMS 0x0000000784400000, 0x0000000784400000| Untracked 
|  69|0x0000000784500000, 0x0000000784500000, 0x0000000784600000|  0%| F|  |TAMS 0x0000000784500000, 0x0000000784500000| Untracked 
|  70|0x0000000784600000, 0x0000000784600000, 0x0000000784700000|  0%| F|  |TAMS 0x0000000784600000, 0x0000000784600000| Untracked 
|  71|0x0000000784700000, 0x0000000784700000, 0x0000000784800000|  0%| F|  |TAMS 0x0000000784700000, 0x0000000784700000| Untracked 
|  72|0x0000000784800000, 0x0000000784800000, 0x0000000784900000|  0%| F|  |TAMS 0x0000000784800000, 0x0000000784800000| Untracked 
|  73|0x0000000784900000, 0x0000000784900000, 0x0000000784a00000|  0%| F|  |TAMS 0x0000000784900000, 0x0000000784900000| Untracked 
|  74|0x0000000784a00000, 0x0000000784a00000, 0x0000000784b00000|  0%| F|  |TAMS 0x0000000784a00000, 0x0000000784a00000| Untracked 
|  75|0x0000000784b00000, 0x0000000784b00000, 0x0000000784c00000|  0%| F|  |TAMS 0x0000000784b00000, 0x0000000784b00000| Untracked 
|  76|0x0000000784c00000, 0x0000000784c00000, 0x0000000784d00000|  0%| F|  |TAMS 0x0000000784c00000, 0x0000000784c00000| Untracked 
|  77|0x0000000784d00000, 0x0000000784d00000, 0x0000000784e00000|  0%| F|  |TAMS 0x0000000784d00000, 0x0000000784d00000| Untracked 
|  78|0x0000000784e00000, 0x0000000784e00000, 0x0000000784f00000|  0%| F|  |TAMS 0x0000000784e00000, 0x0000000784e00000| Untracked 
|  79|0x0000000784f00000, 0x0000000784f00000, 0x0000000785000000|  0%| F|  |TAMS 0x0000000784f00000, 0x0000000784f00000| Untracked 
|  80|0x0000000785000000, 0x0000000785000000, 0x0000000785100000|  0%| F|  |TAMS 0x0000000785000000, 0x0000000785000000| Untracked 
|  81|0x0000000785100000, 0x0000000785100000, 0x0000000785200000|  0%| F|  |TAMS 0x0000000785100000, 0x0000000785100000| Untracked 
|  82|0x0000000785200000, 0x0000000785200000, 0x0000000785300000|  0%| F|  |TAMS 0x0000000785200000, 0x0000000785200000| Untracked 
|  83|0x0000000785300000, 0x0000000785300000, 0x0000000785400000|  0%| F|  |TAMS 0x0000000785300000, 0x0000000785300000| Untracked 
|  84|0x0000000785400000, 0x0000000785400000, 0x0000000785500000|  0%| F|  |TAMS 0x0000000785400000, 0x0000000785400000| Untracked 
|  85|0x0000000785500000, 0x0000000785500000, 0x0000000785600000|  0%| F|  |TAMS 0x0000000785500000, 0x0000000785500000| Untracked 
|  86|0x0000000785600000, 0x0000000785600000, 0x0000000785700000|  0%| F|  |TAMS 0x0000000785600000, 0x0000000785600000| Untracked 
|  87|0x0000000785700000, 0x0000000785700000, 0x0000000785800000|  0%| F|  |TAMS 0x0000000785700000, 0x0000000785700000| Untracked 
|  88|0x0000000785800000, 0x0000000785800000, 0x0000000785900000|  0%| F|  |TAMS 0x0000000785800000, 0x0000000785800000| Untracked 
|  89|0x0000000785900000, 0x0000000785900000, 0x0000000785a00000|  0%| F|  |TAMS 0x0000000785900000, 0x0000000785900000| Untracked 
|  90|0x0000000785a00000, 0x0000000785a00000, 0x0000000785b00000|  0%| F|  |TAMS 0x0000000785a00000, 0x0000000785a00000| Untracked 
|  91|0x0000000785b00000, 0x0000000785b00000, 0x0000000785c00000|  0%| F|  |TAMS 0x0000000785b00000, 0x0000000785b00000| Untracked 
|  92|0x0000000785c00000, 0x0000000785c00000, 0x0000000785d00000|  0%| F|  |TAMS 0x0000000785c00000, 0x0000000785c00000| Untracked 
|  93|0x0000000785d00000, 0x0000000785d00000, 0x0000000785e00000|  0%| F|  |TAMS 0x0000000785d00000, 0x0000000785d00000| Untracked 
|  94|0x0000000785e00000, 0x0000000785e00000, 0x0000000785f00000|  0%| F|  |TAMS 0x0000000785e00000, 0x0000000785e00000| Untracked 
|  95|0x0000000785f00000, 0x0000000785f00000, 0x0000000786000000|  0%| F|  |TAMS 0x0000000785f00000, 0x0000000785f00000| Untracked 
|  96|0x0000000786000000, 0x0000000786000000, 0x0000000786100000|  0%| F|  |TAMS 0x0000000786000000, 0x0000000786000000| Untracked 
|  97|0x0000000786100000, 0x0000000786100000, 0x0000000786200000|  0%| F|  |TAMS 0x0000000786100000, 0x0000000786100000| Untracked 
|  98|0x0000000786200000, 0x0000000786200000, 0x0000000786300000|  0%| F|  |TAMS 0x0000000786200000, 0x0000000786200000| Untracked 
|  99|0x0000000786300000, 0x0000000786300000, 0x0000000786400000|  0%| F|  |TAMS 0x0000000786300000, 0x0000000786300000| Untracked 
| 100|0x0000000786400000, 0x0000000786400000, 0x0000000786500000|  0%| F|  |TAMS 0x0000000786400000, 0x0000000786400000| Untracked 
| 101|0x0000000786500000, 0x0000000786500000, 0x0000000786600000|  0%| F|  |TAMS 0x0000000786500000, 0x0000000786500000| Untracked 
| 102|0x0000000786600000, 0x0000000786612620, 0x0000000786700000|  7%| S|CS|TAMS 0x0000000786600000, 0x0000000786600000| Complete 
| 103|0x0000000786700000, 0x0000000786800000, 0x0000000786800000|100%| S|CS|TAMS 0x0000000786700000, 0x0000000786700000| Complete 
| 104|0x0000000786800000, 0x0000000786800000, 0x0000000786900000|  0%| F|  |TAMS 0x0000000786800000, 0x0000000786800000| Untracked 
| 105|0x0000000786900000, 0x0000000786900000, 0x0000000786a00000|  0%| F|  |TAMS 0x0000000786900000, 0x0000000786900000| Untracked 
| 106|0x0000000786a00000, 0x0000000786a00000, 0x0000000786b00000|  0%| F|  |TAMS 0x0000000786a00000, 0x0000000786a00000| Untracked 
| 107|0x0000000786b00000, 0x0000000786b00000, 0x0000000786c00000|  0%| F|  |TAMS 0x0000000786b00000, 0x0000000786b00000| Untracked 
| 108|0x0000000786c00000, 0x0000000786c00000, 0x0000000786d00000|  0%| F|  |TAMS 0x0000000786c00000, 0x0000000786c00000| Untracked 
| 109|0x0000000786d00000, 0x0000000786d00000, 0x0000000786e00000|  0%| F|  |TAMS 0x0000000786d00000, 0x0000000786d00000| Untracked 
| 110|0x0000000786e00000, 0x0000000786e00000, 0x0000000786f00000|  0%| F|  |TAMS 0x0000000786e00000, 0x0000000786e00000| Untracked 
| 111|0x0000000786f00000, 0x0000000786f00000, 0x0000000787000000|  0%| F|  |TAMS 0x0000000786f00000, 0x0000000786f00000| Untracked 
| 112|0x0000000787000000, 0x0000000787000000, 0x0000000787100000|  0%| F|  |TAMS 0x0000000787000000, 0x0000000787000000| Untracked 
| 113|0x0000000787100000, 0x0000000787100000, 0x0000000787200000|  0%| F|  |TAMS 0x0000000787100000, 0x0000000787100000| Untracked 
| 114|0x0000000787200000, 0x0000000787200000, 0x0000000787300000|  0%| F|  |TAMS 0x0000000787200000, 0x0000000787200000| Untracked 
| 115|0x0000000787300000, 0x0000000787300000, 0x0000000787400000|  0%| F|  |TAMS 0x0000000787300000, 0x0000000787300000| Untracked 
| 116|0x0000000787400000, 0x0000000787400000, 0x0000000787500000|  0%| F|  |TAMS 0x0000000787400000, 0x0000000787400000| Untracked 
| 117|0x0000000787500000, 0x0000000787500000, 0x0000000787600000|  0%| F|  |TAMS 0x0000000787500000, 0x0000000787500000| Untracked 
| 118|0x0000000787600000, 0x0000000787600000, 0x0000000787700000|  0%| F|  |TAMS 0x0000000787600000, 0x0000000787600000| Untracked 
| 119|0x0000000787700000, 0x0000000787800000, 0x0000000787800000|100%| E|  |TAMS 0x0000000787700000, 0x0000000787700000| Complete 
| 120|0x0000000787800000, 0x0000000787900000, 0x0000000787900000|100%| E|CS|TAMS 0x0000000787800000, 0x0000000787800000| Complete 
| 121|0x0000000787900000, 0x0000000787a00000, 0x0000000787a00000|100%| E|CS|TAMS 0x0000000787900000, 0x0000000787900000| Complete 
| 122|0x0000000787a00000, 0x0000000787b00000, 0x0000000787b00000|100%| E|CS|TAMS 0x0000000787a00000, 0x0000000787a00000| Complete 
| 123|0x0000000787b00000, 0x0000000787c00000, 0x0000000787c00000|100%| E|CS|TAMS 0x0000000787b00000, 0x0000000787b00000| Complete 
| 124|0x0000000787c00000, 0x0000000787d00000, 0x0000000787d00000|100%| E|CS|TAMS 0x0000000787c00000, 0x0000000787c00000| Complete 
| 125|0x0000000787d00000, 0x0000000787e00000, 0x0000000787e00000|100%| E|CS|TAMS 0x0000000787d00000, 0x0000000787d00000| Complete 
| 126|0x0000000787e00000, 0x0000000787f00000, 0x0000000787f00000|100%| E|CS|TAMS 0x0000000787e00000, 0x0000000787e00000| Complete 
| 127|0x0000000787f00000, 0x0000000788000000, 0x0000000788000000|100%| E|CS|TAMS 0x0000000787f00000, 0x0000000787f00000| Complete 
|2046|0x00000007ffe00000, 0x00000007ffe76000, 0x00000007fff00000| 46%|OA|  |TAMS 0x00000007ffe00000, 0x00000007ffe00000| Untracked 
|2047|0x00000007fff00000, 0x00000007fff7f000, 0x0000000800000000| 49%|CA|  |TAMS 0x00000007fff00000, 0x00000007fff00000| Untracked 

Card table byte_map: [0x000000010d2f8000,0x000000010d6f8000] _byte_map_base: 0x00000001096f8000

Marking Bits (Prev, Next): (CMBitMap*) 0x00007f9878026e10, (CMBitMap*) 0x00007f9878026e50
 Prev Bits: [0x000000010eeae000, 0x0000000110eae000)
 Next Bits: [0x00000001282b0000, 0x000000012a2b0000)

Polling page: 0x000000010cbe9000

Metaspace:

Usage:
  Non-class:      6.36 MB used.
      Class:    868.27 KB used.
       Both:      7.21 MB used.

Virtual space:
  Non-class space:        8.00 MB reserved,       6.44 MB ( 80%) committed,  1 nodes.
      Class space:        1.00 GB reserved,     960.00 KB ( <1%) committed,  1 nodes.
             Both:        1.01 GB reserved,       7.38 MB ( <1%) committed. 

Chunk freelists:
   Non-Class:  1.58 MB
       Class:  2.89 MB
        Both:  4.47 MB

MaxMetaspaceSize: unlimited
CompressedClassSpaceSize: 1.00 GB
Initial GC threshold: 21.00 MB
Current GC threshold: 21.00 MB
CDS: on
MetaspaceReclaimPolicy: balanced
 - commit_granule_bytes: 65536.
 - commit_granule_words: 8192.
 - virtual_space_node_default_size: 1048576.
 - enlarge_chunks_in_place: 1.
 - new_chunks_are_fully_committed: 0.
 - uncommit_free_chunks: 1.
 - use_allocation_guard: 0.
 - handle_deallocations: 1.


Internal statistics:

num_allocs_failed_limit: 0.
num_arena_births: 96.
num_arena_deaths: 0.
num_vsnodes_births: 2.
num_vsnodes_deaths: 0.
num_space_committed: 118.
num_space_uncommitted: 0.
num_chunks_returned_to_freelist: 0.
num_chunks_taken_from_freelist: 319.
num_chunk_merges: 0.
num_chunk_splits: 160.
num_chunks_enlarged: 87.
num_purges: 0.
num_inconsistent_stats: 0.

CodeHeap 'non-profiled nmethods': size=120032Kb used=543Kb max_used=543Kb free=119489Kb
 bounds [0x0000000120d78000, 0x0000000120fe8000, 0x00000001282b0000]
CodeHeap 'profiled nmethods': size=120028Kb used=3353Kb max_used=3353Kb free=116674Kb
 bounds [0x0000000119841000, 0x0000000119b91000, 0x0000000120d78000]
CodeHeap 'non-nmethods': size=5700Kb used=1214Kb max_used=1250Kb free=4485Kb
 bounds [0x00000001192b0000, 0x0000000119520000, 0x0000000119841000]
 total_blobs=2061 nmethods=1612 adapters=362
 compilation: enabled
              stopped_count=0, restarted_count=0
 full_count=0

Compilation events (20 events):
Event: 1.668 Thread 0x00007f987809c800 nmethod 1603 0x0000000119b78810 code [0x0000000119b78a00, 0x0000000119b78e90]
Event: 1.668 Thread 0x00007f987809c800 1604   !   3       java.net.URLDecoder::decode (306 bytes)
Event: 1.672 Thread 0x00007f987809c800 nmethod 1604 0x0000000119b79010 code [0x0000000119b794c0, 0x0000000119b7baf0]
Event: 1.672 Thread 0x00007f987809c800 1607       3       org.junit.platform.commons.util.AnnotationUtils::findRepeatableAnnotations (264 bytes)
Event: 1.681 Thread 0x00007f987809c800 nmethod 1607 0x0000000119b7cd10 code [0x0000000119b7d4a0, 0x0000000119b81d70]
Event: 1.681 Thread 0x00007f987809c800 1608       3       java.util.stream.ReduceOps$ReduceOp::evaluateSequential (18 bytes)
Event: 1.681 Thread 0x00007f987809c800 nmethod 1608 0x0000000119b83990 code [0x0000000119b83b60, 0x0000000119b83fe0]
Event: 1.681 Thread 0x00007f987809c800 1609       3       java.util.stream.ReduceOps$Box::<init> (5 bytes)
Event: 1.681 Thread 0x00007f987809c800 nmethod 1609 0x0000000119b84110 code [0x0000000119b842c0, 0x0000000119b84410]
Event: 1.681 Thread 0x00007f987809c800 1610       3       java.util.stream.ReferencePipeline::collect (124 bytes)
Event: 1.682 Thread 0x00007f987809c800 nmethod 1610 0x0000000119b84510 code [0x0000000119b847c0, 0x0000000119b85480]
Event: 1.682 Thread 0x00007f987809c800 1611       3       java.util.stream.ReduceOps::makeRef (42 bytes)
Event: 1.683 Thread 0x00007f987809c800 nmethod 1611 0x0000000119b85910 code [0x0000000119b85b20, 0x0000000119b86360]
Event: 1.683 Thread 0x00007f987809c800 1612       3       java.util.stream.ReduceOps$3::<init> (28 bytes)
Event: 1.683 Thread 0x00007f987809c800 nmethod 1612 0x0000000119b86610 code [0x0000000119b867c0, 0x0000000119b86b70]
Event: 1.683 Thread 0x00007f987809c800 1606       3       java.util.stream.Streams$ConcatSpliterator::forEachRemaining (28 bytes)
Event: 1.684 Thread 0x00007f987809c800 nmethod 1606 0x0000000119b86c90 code [0x0000000119b86e40, 0x0000000119b87150]
Event: 1.684 Thread 0x00007f987809c800 1605       3       java.util.ArrayList::checkForComodification (17 bytes)
Event: 1.685 Thread 0x00007f987809c800 nmethod 1605 0x0000000119b87290 code [0x0000000119b87440, 0x0000000119b87600]
Event: 1.984 Thread 0x00007f987881c400 nmethod 1602 0x0000000120df9410 code [0x0000000120df97c0, 0x0000000120dfd178]

GC Heap History (4 events):
Event: 0.902 GC heap before
{Heap before GC invocations=0 (full 0):
 garbage-first heap   total 133120K, used 14292K [0x0000000780000000, 0x0000000800000000)
  region size 1024K, 13 young (13312K), 0 survivors (0K)
 Metaspace       used 3378K, committed 3520K, reserved 1056768K
  class space    used 311K, committed 384K, reserved 1048576K
}
Event: 0.908 GC heap after
{Heap after GC invocations=1 (full 0):
 garbage-first heap   total 133120K, used 2725K [0x0000000780000000, 0x0000000800000000)
  region size 1024K, 2 young (2048K), 2 survivors (2048K)
 Metaspace       used 3378K, committed 3520K, reserved 1056768K
  class space    used 311K, committed 384K, reserved 1048576K
}
Event: 1.434 GC heap before
{Heap before GC invocations=1 (full 0):
 garbage-first heap   total 133120K, used 24229K [0x0000000780000000, 0x0000000800000000)
  region size 1024K, 24 young (24576K), 2 survivors (2048K)
 Metaspace       used 6453K, committed 6656K, reserved 1056768K
  class space    used 723K, committed 832K, reserved 1048576K
}
Event: 1.438 GC heap after
{Heap after GC invocations=2 (full 0):
 garbage-first heap   total 133120K, used 3699K [0x0000000780000000, 0x0000000800000000)
  region size 1024K, 2 young (2048K), 2 survivors (2048K)
 Metaspace       used 6453K, committed 6656K, reserved 1056768K
  class space    used 723K, committed 832K, reserved 1048576K
}

Deoptimization events (20 events):
Event: 1.575 Thread 0x00007f9878009000 Uncommon trap: trap_request=0xffffff45 fr.pc=0x0000000120da76e4 relative=0x0000000000000444
Event: 1.575 Thread 0x00007f9878009000 Uncommon trap: reason=unstable_if action=reinterpret pc=0x0000000120da76e4 method=java.lang.StringUTF16.compress([CI[BII)I @ 20 c2
Event: 1.575 Thread 0x00007f9878009000 DEOPT PACKING pc=0x0000000120da76e4 sp=0x0000700009f83be0
Event: 1.575 Thread 0x00007f9878009000 DEOPT UNPACKING pc=0x0000000119302099 sp=0x0000700009f83b80 mode 2
Event: 1.575 Thread 0x00007f9878009000 Uncommon trap: trap_request=0xffffff45 fr.pc=0x0000000120da48cc relative=0x00000000000001ac
Event: 1.575 Thread 0x00007f9878009000 Uncommon trap: reason=unstable_if action=reinterpret pc=0x0000000120da48cc method=java.lang.String.isLatin1()Z @ 10 c2
Event: 1.575 Thread 0x00007f9878009000 DEOPT PACKING pc=0x0000000120da48cc sp=0x0000700009f83e20
Event: 1.575 Thread 0x00007f9878009000 DEOPT UNPACKING pc=0x0000000119302099 sp=0x0000700009f83d70 mode 2
Event: 1.575 Thread 0x00007f9878009000 Uncommon trap: trap_request=0xffffff45 fr.pc=0x0000000120da6634 relative=0x0000000000000674
Event: 1.575 Thread 0x00007f9878009000 Uncommon trap: reason=unstable_if action=reinterpret pc=0x0000000120da6634 method=org.eclipse.jdt.launching.internal.org.objectweb.asm.ClassReader.readUtf(II[C)Ljava/lang/String; @ 41 c2
Event: 1.575 Thread 0x00007f9878009000 DEOPT PACKING pc=0x0000000120da6634 sp=0x0000700009f83d90
Event: 1.575 Thread 0x00007f9878009000 DEOPT UNPACKING pc=0x0000000119302099 sp=0x0000700009f83d98 mode 2
Event: 1.575 Thread 0x00007f9878009000 Uncommon trap: trap_request=0xffffff45 fr.pc=0x0000000120d8c300 relative=0x0000000000000060
Event: 1.575 Thread 0x00007f9878009000 Uncommon trap: reason=unstable_if action=reinterpret pc=0x0000000120d8c300 method=java.lang.String.isLatin1()Z @ 10 c2
Event: 1.575 Thread 0x00007f9878009000 DEOPT PACKING pc=0x0000000120d8c300 sp=0x0000700009f83da0
Event: 1.575 Thread 0x00007f9878009000 DEOPT UNPACKING pc=0x0000000119302099 sp=0x0000700009f83d60 mode 2
Event: 1.586 Thread 0x00007f9878009000 Uncommon trap: trap_request=0xffffff45 fr.pc=0x0000000120d8d1e8 relative=0x0000000000000048
Event: 1.586 Thread 0x00007f9878009000 Uncommon trap: reason=unstable_if action=reinterpret pc=0x0000000120d8d1e8 method=java.lang.CharacterData.of(I)Ljava/lang/CharacterData; @ 4 c2
Event: 1.586 Thread 0x00007f9878009000 DEOPT PACKING pc=0x0000000120d8d1e8 sp=0x0000700009f854a0
Event: 1.586 Thread 0x00007f9878009000 DEOPT UNPACKING pc=0x0000000119302099 sp=0x0000700009f85460 mode 2

Classes unloaded (0 events):
No events

Classes redefined (1 events):
Event: 49.652 Thread 0x00007f9877104f30 redefined class name=MyArrayList, count=1

Internal exceptions (20 events):
Event: 1.253 Thread 0x00007f9878009000 Exception <a 'java/lang/IncompatibleClassChangeError'{0x00000007870bfc98}: Found class java.lang.Object, but interface was expected> (0x00000007870bfc98) 
thrown [src/hotspot/share/interpreter/linkResolver.cpp, line 833]
Event: 1.272 Thread 0x00007f9878009000 Exception <a 'java/lang/IncompatibleClassChangeError'{0x0000000786f31448}: Found class java.lang.Object, but interface was expected> (0x0000000786f31448) 
thrown [src/hotspot/share/interpreter/linkResolver.cpp, line 833]
Event: 1.278 Thread 0x00007f9878009000 Exception <a 'java/lang/NoSuchMethodError'{0x0000000786f5b0d8}: 'java.lang.Object java.lang.invoke.DirectMethodHandle$Holder.invokeStatic(java.lang.Object, java.lang.Object, int)'> (0x0000000786f5b0d8) 
thrown [src/hotspot/share/interpreter/linkResolver.cpp, line 766]
Event: 1.291 Thread 0x00007f9878009000 Exception <a 'java/lang/NoSuchMethodError'{0x0000000786fd0c60}: 'void java.lang.invoke.DirectMethodHandle$Holder.invokeSpecial(java.lang.Object, java.lang.Object, java.lang.Object, java.lang.Object, java.lang.Object)'> (0x0000000786fd0c60) 
thrown [src/hotspot/share/interpreter/linkResolver.cpp, line 766]
Event: 1.383 Thread 0x00007f9878009000 Exception <a 'java/lang/NoSuchMethodError'{0x0000000786902088}: 'java.lang.Object java.lang.invoke.DirectMethodHandle$Holder.newInvokeSpecial(java.lang.Object, java.lang.Object, int)'> (0x0000000786902088) 
thrown [src/hotspot/share/interpreter/linkResolver.cpp, line 766]
Event: 1.398 Thread 0x00007f9878009000 Exception <a 'java/lang/NoSuchMethodError'{0x0000000786985328}: 'void java.lang.invoke.DirectMethodHandle$Holder.invokeInterface(java.lang.Object, java.lang.Object, java.lang.Object, java.lang.Object)'> (0x0000000786985328) 
thrown [src/hotspot/share/interpreter/linkResolver.cpp, line 766]
Event: 1.399 Thread 0x00007f9878009000 Exception <a 'java/lang/IncompatibleClassChangeError'{0x0000000786988c50}: Found class java.lang.Object, but interface was expected> (0x0000000786988c50) 
thrown [src/hotspot/share/interpreter/linkResolver.cpp, line 833]
Event: 1.403 Thread 0x00007f9878009000 Exception <a 'java/lang/NoSuchMethodError'{0x00000007869ad0e8}: 'void java.lang.invoke.DirectMethodHandle$Holder.invokeStatic(java.lang.Object, java.lang.Object, java.lang.Object, java.lang.Object)'> (0x00000007869ad0e8) 
thrown [src/hotspot/share/interpreter/linkResolver.cpp, line 766]
Event: 1.420 Thread 0x00007f9878009000 Exception <a 'java/lang/NoSuchMethodError'{0x000000078688eb40}: 'int java.lang.invoke.DirectMethodHandle$Holder.invokeStatic(java.lang.Object, java.lang.Object, java.lang.Object, java.lang.Object)'> (0x000000078688eb40) 
thrown [src/hotspot/share/interpreter/linkResolver.cpp, line 766]
Event: 1.420 Thread 0x00007f9878009000 Exception <a 'java/lang/NoSuchMethodError'{0x00000007868924c0}: 'java.lang.Object java.lang.invoke.Invokers$Holder.invokeExact_MT(java.lang.Object, java.lang.Object, java.lang.Object, java.lang.Object, java.lang.Object, java.lang.Object)'> (0x00000007868924c0) 
thrown [src/hotspot/share/interpreter/linkResolver.cpp, line 766]
Event: 1.422 Thread 0x00007f9878009000 Exception <a 'java/lang/NoSuchMethodError'{0x00000007868a2a60}: 'int java.lang.invoke.DirectMethodHandle$Holder.invokeStatic(java.lang.Object, java.lang.Object, java.lang.Object, java.lang.Object, java.lang.Object)'> (0x00000007868a2a60) 
thrown [src/hotspot/share/interpreter/linkResolver.cpp, line 766]
Event: 1.441 Thread 0x00007f9878009000 Exception <a 'java/lang/NoSuchMethodError'{0x0000000787f377d8}: 'void java.lang.invoke.DirectMethodHandle$Holder.invokeStaticInit(java.lang.Object)'> (0x0000000787f377d8) 
thrown [src/hotspot/share/interpreter/linkResolver.cpp, line 766]
Event: 1.487 Thread 0x00007f9878009000 Exception <a 'java/lang/NoSuchMethodError'{0x0000000787c62990}: 'int java.lang.invoke.DirectMethodHandle$Holder.invokeStaticInit(java.lang.Object, java.lang.Object)'> (0x0000000787c62990) 
thrown [src/hotspot/share/interpreter/linkResolver.cpp, line 766]
Event: 1.528 Thread 0x00007f9878009000 Exception <a 'java/lang/NoSuchMethodError'{0x0000000787bc1ea8}: 'java.lang.Object java.lang.invoke.DirectMethodHandle$Holder.newInvokeSpecial(java.lang.Object, java.lang.Object, java.lang.Object, java.lang.Object, java.lang.Object, java.lang.Object, java.lang.Object)'> (0x0000000787bc1ea8) 
thrown [src/hotspot/share/interpreter/linkResolver.cpp, line 766]
Event: 1.528 Thread 0x00007f9878009000 Exception <a 'java/lang/NoSuchMethodError'{0x0000000787bc6a60}: 'java.lang.Object java.lang.invoke.Invokers$Holder.linkToTargetMethod(java.lang.Object, java.lang.Object, java.lang.Object, java.lang.Object, java.lang.Object, java.lang.Object, java.lang.Object)'> (0x0000000787bc6a60) 
thrown [src/hotspot/share/interpreter/linkResolver.cpp, line 766]
Event: 1.529 Thread 0x00007f9878009000 Exception <a 'java/lang/NoSuchMethodError'{0x0000000787bccfa8}: 'java.lang.Object java.lang.invoke.DirectMethodHandle$Holder.invokeInterface(java.lang.Object, java.lang.Object, java.lang.Object, java.lang.Object, java.lang.Object)'> (0x0000000787bccfa8) 
thrown [src/hotspot/share/interpreter/linkResolver.cpp, line 766]
Event: 1.529 Thread 0x00007f9878009000 Exception <a 'java/lang/IncompatibleClassChangeError'{0x0000000787bd0da0}: Found class java.lang.Object, but interface was expected> (0x0000000787bd0da0) 
thrown [src/hotspot/share/interpreter/linkResolver.cpp, line 833]
Event: 1.545 Thread 0x00007f9878009000 Exception <a 'java/lang/NoSuchMethodError'{0x0000000787a33fe8}: 'int java.lang.invoke.DirectMethodHandle$Holder.invokeInterface(java.lang.Object, java.lang.Object)'> (0x0000000787a33fe8) 
thrown [src/hotspot/share/interpreter/linkResolver.cpp, line 766]
Event: 1.646 Thread 0x00007f9878009000 Exception <a 'java/lang/ArrayIndexOutOfBoundsException'{0x00000007878871e8}: Index 5 out of bounds for length 5> (0x00000007878871e8) 
thrown [src/hotspot/share/interpreter/interpreterRuntime.cpp, line 428]
Event: 1.646 Thread 0x00007f9878009000 Exception <a 'java/lang/reflect/InvocationTargetException'{0x0000000787887ef8}> (0x0000000787887ef8) 
thrown [src/hotspot/share/runtime/reflection.cpp, line 1121]

VM Operations (20 events):
Event: 0.936 Executing VM operation: HandshakeAllThreads
Event: 0.936 Executing VM operation: HandshakeAllThreads done
Event: 1.363 Executing VM operation: HandshakeAllThreads
Event: 1.363 Executing VM operation: HandshakeAllThreads done
Event: 1.363 Executing VM operation: HandshakeAllThreads
Event: 1.363 Executing VM operation: HandshakeAllThreads done
Event: 1.433 Executing VM operation: G1CollectForAllocation
Event: 1.438 Executing VM operation: G1CollectForAllocation done
Event: 1.533 Executing VM operation: HandshakeAllThreads
Event: 1.533 Executing VM operation: HandshakeAllThreads done
Event: 1.535 Executing VM operation: ChangeBreakpoints
Event: 1.535 Executing VM operation: ChangeBreakpoints done
Event: 1.587 Executing VM operation: HandshakeAllThreads
Event: 1.587 Executing VM operation: HandshakeAllThreads done
Event: 2.588 Executing VM operation: Cleanup
Event: 2.588 Executing VM operation: Cleanup done
Event: 49.648 Executing VM operation: RedefineClasses
Event: 49.658 Executing VM operation: RedefineClasses done
Event: 49.668 Executing VM operation: ChangeBreakpoints
Event: 49.669 Executing VM operation: ChangeBreakpoints done

Events (20 events):
Event: 1.554 loading class sun/nio/ch/FileDispatcherImpl
Event: 1.554 loading class sun/nio/ch/FileDispatcher
Event: 1.554 loading class sun/nio/ch/FileDispatcher done
Event: 1.554 loading class sun/nio/ch/FileDispatcherImpl done
Event: 1.556 loading class sun/nio/ch/IOStatus
Event: 1.556 loading class sun/nio/ch/IOStatus done
Event: 1.578 loading class java/time/format/DateTimeParseException
Event: 1.579 loading class java/time/DateTimeException
Event: 1.579 loading class java/time/DateTimeException done
Event: 1.579 loading class java/time/format/DateTimeParseException done
Event: 1.617 loading class java/util/stream/SortedOps$RefSortingSink
Event: 1.617 loading class java/util/stream/SortedOps$RefSortingSink done
Event: 1.646 loading class java/lang/reflect/InvocationTargetException
Event: 1.646 loading class java/lang/reflect/InvocationTargetException done
Event: 1.650 loading class java/lang/Throwable$WrappedPrintWriter
Event: 1.650 loading class java/lang/Throwable$PrintStreamOrWriter
Event: 1.650 loading class java/lang/Throwable$PrintStreamOrWriter done
Event: 1.650 loading class java/lang/Throwable$WrappedPrintWriter done
Event: 1.651 loading class java/lang/StackTraceElement$HashedModules
Event: 1.651 loading class java/lang/StackTraceElement$HashedModules done


Dynamic libraries:
0x000000010cbeb000 	/Users/sammy/Library/Java/JavaVirtualMachines/corretto-17.0.3/Contents/Home/lib/libjli.dylib
0x00007ff8297af000 	/usr/lib/libz.1.dylib
0x00007ff82988f000 	/usr/lib/libSystem.B.dylib
0x00007ff82988a000 	/usr/lib/system/libcache.dylib
0x00007ff829846000 	/usr/lib/system/libcommonCrypto.dylib
0x00007ff82986f000 	/usr/lib/system/libcompiler_rt.dylib
0x00007ff829865000 	/usr/lib/system/libcopyfile.dylib
0x00007ff81e81e000 	/usr/lib/system/libcorecrypto.dylib
0x00007ff81e8dc000 	/usr/lib/system/libdispatch.dylib
0x00007ff81ea9c000 	/usr/lib/system/libdyld.dylib
0x00007ff829881000 	/usr/lib/system/libkeymgr.dylib
0x00007ff829824000 	/usr/lib/system/libmacho.dylib
0x00007ff828ea5000 	/usr/lib/system/libquarantine.dylib
0x00007ff82987f000 	/usr/lib/system/libremovefile.dylib
0x00007ff823a31000 	/usr/lib/system/libsystem_asl.dylib
0x00007ff81e7c7000 	/usr/lib/system/libsystem_blocks.dylib
0x00007ff81e960000 	/usr/lib/system/libsystem_c.dylib
0x00007ff829877000 	/usr/lib/system/libsystem_collections.dylib
0x00007ff828159000 	/usr/lib/system/libsystem_configuration.dylib
0x00007ff827402000 	/usr/lib/system/libsystem_containermanager.dylib
0x00007ff82955c000 	/usr/lib/system/libsystem_coreservices.dylib
0x00007ff8210d2000 	/usr/lib/system/libsystem_darwin.dylib
0x00007ff829882000 	/usr/lib/system/libsystem_dnssd.dylib
0x00007ff81e95d000 	/usr/lib/system/libsystem_featureflags.dylib
0x00007ff81eab2000 	/usr/lib/system/libsystem_info.dylib
0x00007ff8297c2000 	/usr/lib/system/libsystem_m.dylib
0x00007ff81e8b0000 	/usr/lib/system/libsystem_malloc.dylib
0x00007ff8239cc000 	/usr/lib/system/libsystem_networkextension.dylib
0x00007ff8214f8000 	/usr/lib/system/libsystem_notify.dylib
0x00007ff82fafd000 	/usr/lib/system/libsystem_product_info_filter.dylib
0x00007ff82815d000 	/usr/lib/system/libsystem_sandbox.dylib
0x00007ff82987c000 	/usr/lib/system/libsystem_secinit.dylib
0x00007ff81ea58000 	/usr/lib/system/libsystem_kernel.dylib
0x00007ff81eaa8000 	/usr/lib/system/libsystem_platform.dylib
0x00007ff81ea90000 	/usr/lib/system/libsystem_pthread.dylib
0x00007ff82527f000 	/usr/lib/system/libsystem_symptoms.dylib
0x00007ff81e805000 	/usr/lib/system/libsystem_trace.dylib
0x00007ff829852000 	/usr/lib/system/libunwind.dylib
0x00007ff81e7c9000 	/usr/lib/system/libxpc.dylib
0x00007ff81ea42000 	/usr/lib/libc++abi.dylib
0x00007ff81e923000 	/usr/lib/libobjc.A.dylib
0x00007ff82985d000 	/usr/lib/liboah.dylib
0x00007ff81e9e9000 	/usr/lib/libc++.1.dylib
0x00007ff8358fe000 	/System/Library/Frameworks/Cocoa.framework/Versions/A/Cocoa
0x00007ff821556000 	/System/Library/Frameworks/AppKit.framework/Versions/C/AppKit
0x00007ff824a6d000 	/System/Library/Frameworks/CoreData.framework/Versions/A/CoreData
0x00007ff81f959000 	/System/Library/Frameworks/Foundation.framework/Versions/C/Foundation
0x00007ff8223e6000 	/System/Library/PrivateFrameworks/UIFoundation.framework/Versions/A/UIFoundation
0x00007ff82f800000 	/System/Library/PrivateFrameworks/RemoteViewServices.framework/Versions/A/RemoteViewServices
0x00007ff827ae3000 	/System/Library/PrivateFrameworks/XCTTargetBootstrap.framework/Versions/A/XCTTargetBootstrap
0x00007ff82b696000 	/System/Library/PrivateFrameworks/InternationalSupport.framework/Versions/A/InternationalSupport
0x00007ff82b720000 	/System/Library/PrivateFrameworks/UserActivity.framework/Versions/A/UserActivity
0x00007ff82aa76000 	/usr/lib/libspindump.dylib
0x00007ff822675000 	/System/Library/Frameworks/UniformTypeIdentifiers.framework/Versions/A/UniformTypeIdentifiers
0x00007ff826207000 	/usr/lib/libapp_launch_measurement.dylib
0x00007ff82543f000 	/System/Library/PrivateFrameworks/CoreAnalytics.framework/Versions/A/CoreAnalytics
0x00007ff82620a000 	/System/Library/PrivateFrameworks/CoreAutoLayout.framework/Versions/A/CoreAutoLayout
0x00007ff82743a000 	/System/Library/Frameworks/Metal.framework/Versions/A/Metal
0x00007ff828169000 	/usr/lib/liblangid.dylib
0x00007ff827ae8000 	/System/Library/PrivateFrameworks/CoreSVG.framework/Versions/A/CoreSVG
0x00007ff823a61000 	/System/Library/PrivateFrameworks/SkyLight.framework/Versions/A/SkyLight
0x00007ff823e00000 	/System/Library/Frameworks/CoreGraphics.framework/Versions/A/CoreGraphics
0x00007ff82fec0000 	/System/Library/Frameworks/Accelerate.framework/Versions/A/Accelerate
0x00007ff82a4f5000 	/System/Library/PrivateFrameworks/IconServices.framework/Versions/A/IconServices
0x00007ff82741f000 	/System/Library/Frameworks/IOSurface.framework/Versions/A/IOSurface
0x00007ff82546d000 	/usr/lib/libDiagnosticMessagesClient.dylib
0x00007ff8335a2000 	/System/Library/Frameworks/ApplicationServices.framework/Versions/A/ApplicationServices
0x00007ff827acf000 	/System/Library/PrivateFrameworks/DFRFoundation.framework/Versions/A/DFRFoundation
0x00007ff820e3e000 	/usr/lib/libicucore.A.dylib
0x00007ff82c48c000 	/System/Library/Frameworks/AudioToolbox.framework/Versions/A/AudioToolbox
0x00007ff82b6a2000 	/System/Library/PrivateFrameworks/DataDetectorsCore.framework/Versions/A/DataDetectorsCore
0x00007ff927ba0000 	/System/Library/PrivateFrameworks/TextInput.framework/Versions/A/TextInput
0x00007ff8239e4000 	/usr/lib/libMobileGestalt.dylib
0x00007ff8277db000 	/System/Library/Frameworks/Carbon.framework/Versions/A/Frameworks/HIToolbox.framework/Versions/A/HIToolbox
0x00007ff825c0a000 	/System/Library/Frameworks/QuartzCore.framework/Versions/A/QuartzCore
0x00007ff820ae3000 	/System/Library/Frameworks/Security.framework/Versions/A/Security
0x00007ff82f838000 	/System/Library/Frameworks/Carbon.framework/Versions/A/Frameworks/SpeechRecognition.framework/Versions/A/SpeechRecognition
0x00007ff825f67000 	/System/Library/PrivateFrameworks/CoreUI.framework/Versions/A/CoreUI
0x00007ff8203ad000 	/System/Library/Frameworks/CoreAudio.framework/Versions/A/CoreAudio
0x00007ff82555c000 	/System/Library/Frameworks/DiskArbitration.framework/Versions/A/DiskArbitration
0x00007ff82ae64000 	/System/Library/PrivateFrameworks/MultitouchSupport.framework/Versions/A/MultitouchSupport
0x00007ff8239e3000 	/usr/lib/libenergytrace.dylib
0x00007ff821442000 	/System/Library/Frameworks/IOKit.framework/Versions/A/IOKit
0x00007ff82fc28000 	/System/Library/Frameworks/CoreServices.framework/Versions/A/CoreServices
0x00007ff8261a1000 	/System/Library/PrivateFrameworks/PerformanceAnalysis.framework/Versions/A/PerformanceAnalysis
0x00007ffa37882000 	/System/Library/Frameworks/OpenGL.framework/Versions/A/OpenGL
0x00007ff828dcb000 	/System/Library/PrivateFrameworks/MobileKeyBag.framework/Versions/A/MobileKeyBag
0x00007ff8244cc000 	/System/Library/Frameworks/ColorSync.framework/Versions/A/ColorSync
0x00007ff81eadd000 	/System/Library/Frameworks/CoreFoundation.framework/Versions/A/CoreFoundation
0x00007ff827d5f000 	/System/Library/Frameworks/CoreImage.framework/Versions/A/CoreImage
0x00007ff8201c1000 	/System/Library/Frameworks/CoreText.framework/Versions/A/CoreText
0x00007ff827b18000 	/System/Library/Frameworks/ImageIO.framework/Versions/A/ImageIO
0x00007ff829895000 	/System/Library/PrivateFrameworks/SoftLinking.framework/Versions/A/SoftLinking
0x00007ff826252000 	/usr/lib/libxml2.2.dylib
0x00007ff829b19000 	/usr/lib/libcompression.dylib
0x00007ff82b5c9000 	/System/Library/PrivateFrameworks/TextureIO.framework/Versions/A/TextureIO
0x00007ff82a207000 	/usr/lib/libate.dylib
0x00007ff829fe3000 	/usr/lib/liblzma.5.dylib
0x00007ff81f66b000 	/System/Library/Frameworks/SystemConfiguration.framework/Versions/A/SystemConfiguration
0x00007ff829891000 	/usr/lib/libfakelink.dylib
0x00007ff82353c000 	/System/Library/Frameworks/CFNetwork.framework/Versions/A/CFNetwork
0x00007ff8299d2000 	/usr/lib/libarchive.2.dylib
0x00007ff828165000 	/System/Library/PrivateFrameworks/AppleSystemInfo.framework/Versions/A/AppleSystemInfo
0x00007ff828ecc000 	/usr/lib/libbsm.0.dylib
0x00007ff822b4b000 	/usr/lib/libnetwork.dylib
0x00007ff82982a000 	/usr/lib/system/libkxld.dylib
0x00007ff828aff000 	/System/Library/PrivateFrameworks/IOMobileFramebuffer.framework/Versions/A/IOMobileFramebuffer
0x00007ffb3724c000 	/usr/lib/libCoreEntitlements.dylib
0x00007ff82953e000 	/System/Library/PrivateFrameworks/AppleFSCompression.framework/Versions/A/AppleFSCompression
0x00007ff828eb4000 	/usr/lib/libcoretls.dylib
0x00007ff829ffd000 	/usr/lib/libcoretls_cfhelpers.dylib
0x00007ff829b14000 	/usr/lib/libpam.2.dylib
0x00007ff824e9e000 	/usr/lib/libsqlite3.dylib
0x00007ff82a06c000 	/usr/lib/libxar.1.dylib
0x00007ff82954e000 	/usr/lib/libbz2.1.0.dylib
0x00007ff829896000 	/usr/lib/libpcap.A.dylib
0x00007ff825277000 	/usr/lib/libdns_services.dylib
0x00007ff829ae4000 	/usr/lib/libapple_nghttp2.dylib
0x00007ff8298d0000 	/usr/lib/libiconv.2.dylib
0x00007ff829823000 	/usr/lib/libcharset.1.dylib
0x00007ff8261d5000 	/System/Library/Frameworks/CoreServices.framework/Versions/A/Frameworks/FSEvents.framework/Versions/A/FSEvents
0x00007ff8210dc000 	/System/Library/Frameworks/CoreServices.framework/Versions/A/Frameworks/CarbonCore.framework/Versions/A/CarbonCore
0x00007ff8254c0000 	/System/Library/Frameworks/CoreServices.framework/Versions/A/Frameworks/Metadata.framework/Versions/A/Metadata
0x00007ff829561000 	/System/Library/Frameworks/CoreServices.framework/Versions/A/Frameworks/OSServices.framework/Versions/A/OSServices
0x00007ff829a59000 	/System/Library/Frameworks/CoreServices.framework/Versions/A/Frameworks/SearchKit.framework/Versions/A/SearchKit
0x00007ff825209000 	/System/Library/Frameworks/CoreServices.framework/Versions/A/Frameworks/AE.framework/Versions/A/AE
0x00007ff81efe0000 	/System/Library/Frameworks/CoreServices.framework/Versions/A/Frameworks/LaunchServices.framework/Versions/A/LaunchServices
0x00007ff829f94000 	/System/Library/Frameworks/CoreServices.framework/Versions/A/Frameworks/DictionaryServices.framework/Versions/A/DictionaryServices
0x00007ff8261e2000 	/System/Library/Frameworks/CoreServices.framework/Versions/A/Frameworks/SharedFileList.framework/Versions/A/SharedFileList
0x00007ff828ea8000 	/usr/lib/libCheckFix.dylib
0x00007ff823a48000 	/System/Library/PrivateFrameworks/TCC.framework/Versions/A/TCC
0x00007ff82816b000 	/System/Library/PrivateFrameworks/CoreNLP.framework/Versions/A/CoreNLP
0x00007ff825470000 	/System/Library/PrivateFrameworks/MetadataUtilities.framework/Versions/A/MetadataUtilities
0x00007ff81f71c000 	/usr/lib/libmecabra.dylib
0x00007ff828edc000 	/usr/lib/libmecab.dylib
0x00007ff81f6e7000 	/usr/lib/libCRFSuite.dylib
0x00007ff828f36000 	/usr/lib/libgermantok.dylib
0x00007ff829abf000 	/usr/lib/libThaiTokenizer.dylib
0x00007ff825563000 	/System/Library/Frameworks/Accelerate.framework/Versions/A/Frameworks/vImage.framework/Versions/A/vImage
0x00007ff82fbff000 	/System/Library/Frameworks/Accelerate.framework/Versions/A/Frameworks/vecLib.framework/Versions/A/vecLib
0x00007ff82a0ad000 	/System/Library/Frameworks/Accelerate.framework/Versions/A/Frameworks/vecLib.framework/Versions/A/libvMisc.dylib
0x00007ff82892a000 	/System/Library/Frameworks/Accelerate.framework/Versions/A/Frameworks/vecLib.framework/Versions/A/libvDSP.dylib
0x00007ff81f35b000 	/System/Library/Frameworks/Accelerate.framework/Versions/A/Frameworks/vecLib.framework/Versions/A/libBLAS.dylib
0x00007ff829bf6000 	/System/Library/Frameworks/Accelerate.framework/Versions/A/Frameworks/vecLib.framework/Versions/A/libLAPACK.dylib
0x00007ff828f39000 	/System/Library/Frameworks/Accelerate.framework/Versions/A/Frameworks/vecLib.framework/Versions/A/libLinearAlgebra.dylib
0x00007ff829afc000 	/System/Library/Frameworks/Accelerate.framework/Versions/A/Frameworks/vecLib.framework/Versions/A/libSparseBLAS.dylib
0x00007ff829bf0000 	/System/Library/Frameworks/Accelerate.framework/Versions/A/Frameworks/vecLib.framework/Versions/A/libQuadrature.dylib
0x00007ff828256000 	/System/Library/Frameworks/Accelerate.framework/Versions/A/Frameworks/vecLib.framework/Versions/A/libBNNS.dylib
0x00007ff81f5f5000 	/System/Library/Frameworks/Accelerate.framework/Versions/A/Frameworks/vecLib.framework/Versions/A/libSparse.dylib
0x00007ff82824f000 	/System/Library/PrivateFrameworks/LinguisticData.framework/Versions/A/LinguisticData
0x00007ff81f5ab000 	/System/Library/PrivateFrameworks/Lexicon.framework/Versions/A/Lexicon
0x00007ff82a0a6000 	/usr/lib/libChineseTokenizer.dylib
0x00007ff81fd16000 	/System/Library/PrivateFrameworks/LanguageModeling.framework/Versions/A/LanguageModeling
0x00007ff829ac1000 	/System/Library/PrivateFrameworks/AppleSauce.framework/Versions/A/AppleSauce
0x00007ff828aed000 	/System/Library/PrivateFrameworks/CoreEmoji.framework/Versions/A/CoreEmoji
0x00007ff8299c1000 	/usr/lib/libcmph.dylib
0x00007ff8261b9000 	/System/Library/Frameworks/OpenDirectory.framework/Versions/A/Frameworks/CFOpenDirectory.framework/Versions/A/CFOpenDirectory
0x00007ff8261ad000 	/System/Library/Frameworks/OpenDirectory.framework/Versions/A/OpenDirectory
0x00007ff829fff000 	/System/Library/PrivateFrameworks/APFS.framework/Versions/A/APFS
0x00007ff828e03000 	/System/Library/Frameworks/SecurityFoundation.framework/Versions/A/SecurityFoundation
0x00007ff82a07a000 	/usr/lib/libutil.dylib
0x00007ff821406000 	/System/Library/PrivateFrameworks/CoreServicesStore.framework/Versions/A/CoreServicesStore
0x00007ff82a07e000 	/usr/lib/libxslt.1.dylib
0x00007ff828e90000 	/System/Library/PrivateFrameworks/BackgroundTaskManagement.framework/Versions/A/BackgroundTaskManagement
0x00007ff82b4e9000 	/System/Library/Frameworks/ImageIO.framework/Versions/A/Resources/libRadiance.dylib
0x00007ff82b4f2000 	/System/Library/Frameworks/ImageIO.framework/Versions/A/Resources/libJPEG.dylib
0x00007ff82b443000 	/System/Library/Frameworks/ImageIO.framework/Versions/A/Resources/libPng.dylib
0x00007ff82b464000 	/System/Library/Frameworks/ImageIO.framework/Versions/A/Resources/libTIFF.dylib
0x00007ff82b552000 	/System/Library/Frameworks/ImageIO.framework/Versions/A/Resources/libGIF.dylib
0x00007ff82ad7e000 	/System/Library/Frameworks/ImageIO.framework/Versions/A/Resources/libJP2.dylib
0x00007ff82a4bc000 	/usr/lib/libexpat.1.dylib
0x00007ff82ad33000 	/System/Library/PrivateFrameworks/AppleJPEG.framework/Versions/A/AppleJPEG
0x00007ff82769f000 	/System/Library/PrivateFrameworks/FontServices.framework/libFontParser.dylib
0x00007ff8251b3000 	/System/Library/PrivateFrameworks/RunningBoardServices.framework/Versions/A/RunningBoardServices
0x00007ff835eb9000 	/System/Library/PrivateFrameworks/IOSurfaceAccelerator.framework/Versions/A/IOSurfaceAccelerator
0x00007ff82ae60000 	/System/Library/PrivateFrameworks/WatchdogClient.framework/Versions/A/WatchdogClient
0x00007ff81fe04000 	/System/Library/Frameworks/CoreDisplay.framework/Versions/A/CoreDisplay
0x00007ff82759d000 	/System/Library/Frameworks/CoreMedia.framework/Versions/A/CoreMedia
0x00007ff827431000 	/System/Library/PrivateFrameworks/IOAccelerator.framework/Versions/A/IOAccelerator
0x00007ff826336000 	/System/Library/Frameworks/CoreVideo.framework/Versions/A/CoreVideo
0x00007ff829b12000 	/System/Library/Frameworks/MetalPerformanceShaders.framework/Versions/A/MetalPerformanceShaders
0x00007ff82ae9d000 	/System/Library/Frameworks/VideoToolbox.framework/Versions/A/VideoToolbox
0x00007ff8250fd000 	/System/Library/PrivateFrameworks/BaseBoard.framework/Versions/A/BaseBoard
0x00007ff824e84000 	/System/Library/PrivateFrameworks/ProtocolBuffer.framework/Versions/A/ProtocolBuffer
0x00007ff82b4e2000 	/System/Library/PrivateFrameworks/GPUWrangler.framework/Versions/A/GPUWrangler
0x00007ff82b4c6000 	/System/Library/PrivateFrameworks/IOPresentment.framework/Versions/A/IOPresentment
0x00007ff82b4ec000 	/System/Library/PrivateFrameworks/DSExternalDisplay.framework/Versions/A/DSExternalDisplay
0x00007ffa37876000 	/System/Library/Frameworks/OpenGL.framework/Versions/A/Libraries/libCoreFSCache.dylib
0x00007ffb2494d000 	/System/Library/PrivateFrameworks/GPUCompiler.framework/Versions/31001/Libraries/libGPUCompilerUtils.dylib
0x00007ff82b557000 	/System/Library/PrivateFrameworks/CMCaptureCore.framework/Versions/A/CMCaptureCore
0x00007ff82aa64000 	/System/Library/PrivateFrameworks/AppServerSupport.framework/Versions/A/AppServerSupport
0x00007ff82cd25000 	/System/Library/PrivateFrameworks/perfdata.framework/Versions/A/perfdata
0x00007ff81ff30000 	/System/Library/PrivateFrameworks/AudioToolboxCore.framework/Versions/A/AudioToolboxCore
0x00007ff82757b000 	/System/Library/PrivateFrameworks/caulk.framework/Versions/A/caulk
0x00007ff82c637000 	/usr/lib/libAudioStatistics.dylib
0x00007ff92432e000 	/System/Library/PrivateFrameworks/SystemPolicy.framework/Versions/A/SystemPolicy
0x00007ff82c892000 	/usr/lib/libSMC.dylib
0x00007ff8357b1000 	/System/Library/Frameworks/CoreMIDI.framework/Versions/A/CoreMIDI
0x00007ff82b412000 	/usr/lib/libAudioToolboxUtility.dylib
0x00007ff92055a000 	/System/Library/PrivateFrameworks/OSAServicesClient.framework/Versions/A/OSAServicesClient
0x00007ff82cd32000 	/usr/lib/libperfcheck.dylib
0x00007ff924ddb000 	/usr/lib/libmis.dylib
0x00007ffa378d1000 	/System/Library/Frameworks/OpenGL.framework/Versions/A/Libraries/libGLU.dylib
0x00007ffa37895000 	/System/Library/Frameworks/OpenGL.framework/Versions/A/Libraries/libGFXShared.dylib
0x00007ffa37a9e000 	/System/Library/Frameworks/OpenGL.framework/Versions/A/Libraries/libGL.dylib
0x00007ffa3789e000 	/System/Library/Frameworks/OpenGL.framework/Versions/A/Libraries/libGLImage.dylib
0x00007ffa37892000 	/System/Library/Frameworks/OpenGL.framework/Versions/A/Libraries/libCVMSPluginSupport.dylib
0x00007ffa3787d000 	/System/Library/Frameworks/OpenGL.framework/Versions/A/Libraries/libCoreVMClient.dylib
0x00007ff8280e7000 	/System/Library/Frameworks/MetalPerformanceShaders.framework/Versions/A/Frameworks/MPSCore.framework/Versions/A/MPSCore
0x00007ff8294a9000 	/System/Library/Frameworks/MetalPerformanceShaders.framework/Versions/A/Frameworks/MPSImage.framework/Versions/A/MPSImage
0x00007ff828f4f000 	/System/Library/Frameworks/MetalPerformanceShaders.framework/Versions/A/Frameworks/MPSNeuralNetwork.framework/Versions/A/MPSNeuralNetwork
0x00007ff8293c3000 	/System/Library/Frameworks/MetalPerformanceShaders.framework/Versions/A/Frameworks/MPSMatrix.framework/Versions/A/MPSMatrix
0x00007ff82917e000 	/System/Library/Frameworks/MetalPerformanceShaders.framework/Versions/A/Frameworks/MPSRayIntersector.framework/Versions/A/MPSRayIntersector
0x00007ff8293fb000 	/System/Library/Frameworks/MetalPerformanceShaders.framework/Versions/A/Frameworks/MPSNDArray.framework/Versions/A/MPSNDArray
0x00007ffa3d356000 	/System/Library/Frameworks/MetalPerformanceShaders.framework/Versions/A/Frameworks/MPSFunctions.framework/Versions/A/MPSFunctions
0x00007ff81f237000 	/System/Library/PrivateFrameworks/MetalTools.framework/Versions/A/MetalTools
0x00007ff828163000 	/System/Library/PrivateFrameworks/AggregateDictionary.framework/Versions/A/AggregateDictionary
0x00007ff82a29e000 	/usr/lib/libIOReport.dylib
0x00007ffa38ead000 	/System/Library/Frameworks/OpenCL.framework/Versions/A/OpenCL
0x00007ff82a602000 	/System/Library/PrivateFrameworks/FaceCore.framework/Versions/A/FaceCore
0x00007ff82a5f3000 	/System/Library/PrivateFrameworks/GraphVisualizer.framework/Versions/A/GraphVisualizer
0x00007ffb24858000 	/System/Library/PrivateFrameworks/FontServices.framework/Versions/A/FontServices
0x00007ff82aa1c000 	/System/Library/PrivateFrameworks/OTSVG.framework/Versions/A/OTSVG
0x00007ff825f1d000 	/System/Library/Frameworks/ApplicationServices.framework/Versions/A/Frameworks/ATS.framework/Versions/A/Resources/libFontRegistry.dylib
0x00007ff82aa6c000 	/System/Library/PrivateFrameworks/FontServices.framework/libhvf.dylib
0x00007ffb24859000 	/System/Library/PrivateFrameworks/FontServices.framework/libXTFontStaticRegistryData.dylib
0x00007ff82a46c000 	/System/Library/PrivateFrameworks/AppleVA.framework/Versions/A/AppleVA
0x00007ff82c657000 	/System/Library/Frameworks/ApplicationServices.framework/Versions/A/Frameworks/ATS.framework/Versions/A/ATS
0x00007ff8245ca000 	/System/Library/Frameworks/ApplicationServices.framework/Versions/A/Frameworks/HIServices.framework/Versions/A/HIServices
0x00007ff82b561000 	/System/Library/Frameworks/ApplicationServices.framework/Versions/A/Frameworks/PrintCore.framework/Versions/A/PrintCore
0x00007ff82c9e5000 	/System/Library/Frameworks/ApplicationServices.framework/Versions/A/Frameworks/QD.framework/Versions/A/QD
0x00007ff82c9dd000 	/System/Library/Frameworks/ApplicationServices.framework/Versions/A/Frameworks/ColorSyncLegacy.framework/Versions/A/ColorSyncLegacy
0x00007ff82c647000 	/System/Library/Frameworks/ApplicationServices.framework/Versions/A/Frameworks/SpeechSynthesis.framework/Versions/A/SpeechSynthesis
0x00007ff82b522000 	/System/Library/Frameworks/ApplicationServices.framework/Versions/A/Frameworks/ATSUI.framework/Versions/A/ATSUI
0x00007ff82c972000 	/usr/lib/libcups.2.dylib
0x00007ff82cd41000 	/System/Library/Frameworks/Kerberos.framework/Versions/A/Kerberos
0x00007ff82cd50000 	/System/Library/Frameworks/GSS.framework/Versions/A/GSS
0x00007ff82c6c3000 	/usr/lib/libresolv.9.dylib
0x00007ff82aa7b000 	/System/Library/PrivateFrameworks/Heimdal.framework/Versions/A/Heimdal
0x00007ff833934000 	/System/Library/Frameworks/Kerberos.framework/Versions/A/Libraries/libHeimdalProxy.dylib
0x00007ff825287000 	/System/Library/Frameworks/Network.framework/Versions/A/Network
0x00007ff82a4d6000 	/usr/lib/libheimdal-asn1.dylib
0x00007ff82cd9b000 	/System/Library/PrivateFrameworks/CommonAuth.framework/Versions/A/CommonAuth
0x00007ff82c5c9000 	/System/Library/PrivateFrameworks/AudioSession.framework/Versions/A/AudioSession
0x00007ff82a566000 	/System/Library/PrivateFrameworks/MediaExperience.framework/Versions/A/MediaExperience
0x00007ff82c45b000 	/System/Library/PrivateFrameworks/AudioSession.framework/libSessionUtility.dylib
0x00007ff82c9f1000 	/System/Library/PrivateFrameworks/AudioResourceArbitration.framework/Versions/A/AudioResourceArbitration
0x00007ff830a72000 	/System/Library/PrivateFrameworks/PowerLog.framework/Versions/A/PowerLog
0x00007ff82a4df000 	/System/Library/PrivateFrameworks/IconFoundation.framework/Versions/A/IconFoundation
0x00007ff82f828000 	/System/Library/PrivateFrameworks/SpeechRecognitionCore.framework/Versions/A/SpeechRecognitionCore
0x000000010dd32000 	/Users/sammy/Library/Java/JavaVirtualMachines/corretto-17.0.3/Contents/Home/lib/server/libjvm.dylib
0x000000010cc1a000 	/Users/sammy/Library/Java/JavaVirtualMachines/corretto-17.0.3/Contents/Home/lib/libjimage.dylib
0x000000010cc6e000 	/Users/sammy/Library/Java/JavaVirtualMachines/corretto-17.0.3/Contents/Home/lib/libjdwp.dylib
0x000000010ccb2000 	/Users/sammy/Library/Java/JavaVirtualMachines/corretto-17.0.3/Contents/Home/lib/libjava.dylib
0x000000010cc3d000 	/Users/sammy/Library/Java/JavaVirtualMachines/corretto-17.0.3/Contents/Home/lib/libinstrument.dylib
0x000000010db3d000 	/Users/sammy/Library/Java/JavaVirtualMachines/corretto-17.0.3/Contents/Home/lib/libdt_socket.dylib
0x000000010db60000 	/Users/sammy/Library/Java/JavaVirtualMachines/corretto-17.0.3/Contents/Home/lib/libzip.dylib
0x000000010db8f000 	/Users/sammy/Library/Java/JavaVirtualMachines/corretto-17.0.3/Contents/Home/lib/libnio.dylib
0x000000010dbc9000 	/Users/sammy/Library/Java/JavaVirtualMachines/corretto-17.0.3/Contents/Home/lib/libnet.dylib
0x000000010dbab000 	/Users/sammy/Library/Java/JavaVirtualMachines/corretto-17.0.3/Contents/Home/lib/libverify.dylib
0x000000010db4d000 	/Users/sammy/Library/Java/JavaVirtualMachines/corretto-17.0.3/Contents/Home/lib/libextnet.dylib


VM Arguments:
jvm_args: -XX:+ShowCodeDetailsInExceptionMessages -agentlib:jdwp=transport=dt_socket,suspend=y,address=localhost:50415 -ea -javaagent:/Users/sammy/eclipse/java-2022-06/Eclipse.app/Contents/Eclipse/configuration/org.eclipse.osgi/207/0/.cp/lib/javaagent-shaded.jar -Dfile.encoding=UTF-8 
java_command: org.eclipse.jdt.internal.junit.runner.RemoteTestRunner -version 3 -port 50414 -testLoaderClass org.eclipse.jdt.internal.junit5.runner.JUnit5TestLoader -loaderpluginname org.eclipse.jdt.junit5.runtime -classNames TestMyArrayList
java_class_path (initial): /Users/sammy/eclipse-workspace/MyArrayList/bin:/Users/sammy/.p2/pool/plugins/org.junit.jupiter.api_5.8.1.v20211018-1956.jar:/Users/sammy/.p2/pool/plugins/org.junit.jupiter.engine_5.8.1.v20211018-1956.jar:/Users/sammy/.p2/pool/plugins/org.junit.jupiter.migrationsupport_5.8.1.v20211018-1956.jar:/Users/sammy/.p2/pool/plugins/org.junit.jupiter.params_5.8.1.v20211018-1956.jar:/Users/sammy/.p2/pool/plugins/org.junit.platform.commons_1.8.1.v20211018-1956.jar:/Users/sammy/.p2/pool/plugins/org.junit.platform.engine_1.8.1.v20211018-1956.jar:/Users/sammy/.p2/pool/plugins/org.junit.platform.launcher_1.8.1.v20211018-1956.jar:/Users/sammy/.p2/pool/plugins/org.junit.platform.runner_1.8.1.v20211018-1956.jar:/Users/sammy/.p2/pool/plugins/org.junit.platform.suite.api_1.8.1.v20211018-1956.jar:/Users/sammy/.p2/pool/plugins/org.junit.platform.suite.engine_1.8.1.v20211028-1957.jar:/Users/sammy/.p2/pool/plugins/org.junit.platform.suite.commons_1.8.1.v20211018-1956.jar:/Users/sammy/.p2/pool/plugins/org.junit.vintage.engine_5.8.1.v20211018-1956.jar:/Users/sammy/.p2/pool/plugins/org.opentest4j_1.2.0.v20211018-1956.jar:/Users/sammy/.p2/pool/plugins/org.apiguardian_1.1.2.v20211018-1956.jar:/Users/sammy/.p2/pool/plugins/org.junit_4.13.2.v20211018-1956.jar:/Users/sammy/.p2/pool/plugins/org.hamcrest.core_1.3.0.v20180420-1519.jar:/Users/sammy/eclipse/java-2022-06/Eclipse.app/Contents/Eclipse/configuration/org.eclipse.osgi/206/0/.cp:/Users/sammy/eclipse/java-2022-06/Eclipse.app/Contents/Eclipse/configuration/org.eclipse.osgi/204/0/.cp
Launcher Type: SUN_STANDARD

[Global flags]
     intx CICompilerCount                          = 3                                         {product} {ergonomic}
     uint ConcGCThreads                            = 1                                         {product} {ergonomic}
     uint G1ConcRefinementThreads                  = 4                                         {product} {ergonomic}
   size_t G1HeapRegionSize                         = 1048576                                   {product} {ergonomic}
    uintx GCDrainStackTargetSize                   = 64                                        {product} {ergonomic}
   size_t InitialHeapSize                          = 134217728                                 {product} {ergonomic}
   size_t MarkStackSize                            = 4194304                                   {product} {ergonomic}
   size_t MaxHeapSize                              = 2147483648                                {product} {ergonomic}
   size_t MaxNewSize                               = 1287651328                                {product} {ergonomic}
   size_t MinHeapDeltaBytes                        = 1048576                                   {product} {ergonomic}
   size_t MinHeapSize                              = 8388608                                   {product} {ergonomic}
    uintx NonNMethodCodeHeapSize                   = 5832780                                {pd product} {ergonomic}
    uintx NonProfiledCodeHeapSize                  = 122912730                              {pd product} {ergonomic}
    uintx ProfiledCodeHeapSize                     = 122912730                              {pd product} {ergonomic}
    uintx ReservedCodeCacheSize                    = 251658240                              {pd product} {ergonomic}
     bool SegmentedCodeCache                       = true                                      {product} {ergonomic}
     bool ShowCodeDetailsInExceptionMessages       = true                                   {manageable} {command line}
   size_t SoftMaxHeapSize                          = 2147483648                             {manageable} {ergonomic}
     bool UseCompressedClassPointers               = true                           {product lp64_product} {ergonomic}
     bool UseCompressedOops                        = true                           {product lp64_product} {ergonomic}
     bool UseG1GC                                  = true                                      {product} {ergonomic}
     bool UseNUMA                                  = false                                     {product} {ergonomic}
     bool UseNUMAInterleaving                      = false                                     {product} {ergonomic}

Logging:
Log output configuration:
 #0: stdout all=warning uptime,level,tags
 #1: stderr all=off uptime,level,tags

Environment Variables:
PATH=/usr/bin:/bin:/usr/sbin:/sbin
SHELL=/bin/zsh

Signal Handlers:
   SIGSEGV: crash_handler in libjvm.dylib, mask=11100110000111110111111111111111, flags=SA_RESTART|SA_SIGINFO
    SIGBUS: crash_handler in libjvm.dylib, mask=11100110000111110111111111111111, flags=SA_RESTART|SA_SIGINFO
    SIGFPE: crash_handler in libjvm.dylib, mask=11100110000111110111111111111111, flags=SA_RESTART|SA_SIGINFO
   SIGPIPE: javaSignalHandler in libjvm.dylib, mask=11100110000111110111111111111111, flags=SA_RESTART|SA_SIGINFO
   SIGXFSZ: javaSignalHandler in libjvm.dylib, mask=11100110000111110111111111111111, flags=SA_RESTART|SA_SIGINFO
    SIGILL: crash_handler in libjvm.dylib, mask=11100110000111110111111111111111, flags=SA_RESTART|SA_SIGINFO
   SIGUSR2: SR_handler in libjvm.dylib, mask=00100000000000000000000000000000, flags=SA_RESTART|SA_SIGINFO
    SIGHUP: UserHandler in libjvm.dylib, mask=11100110000111110111111111111111, flags=SA_RESTART|SA_SIGINFO
    SIGINT: UserHandler in libjvm.dylib, mask=11100110000111110111111111111111, flags=SA_RESTART|SA_SIGINFO
   SIGTERM: UserHandler in libjvm.dylib, mask=11100110000111110111111111111111, flags=SA_RESTART|SA_SIGINFO
   SIGQUIT: UserHandler in libjvm.dylib, mask=11100110000111110111111111111111, flags=SA_RESTART|SA_SIGINFO
  *** Handler was modified!
  *** Expected: javaSignalHandler in libjvm.dylib, mask=11100110100111111111111111111111, flags=SA_RESTART|SA_SIGINFO
   SIGTRAP: crash_handler in libjvm.dylib, mask=11100110000111110111111111111111, flags=SA_RESTART|SA_SIGINFO


---------------  S Y S T E M  ---------------

OS:
uname: Darwin 21.6.0 Darwin Kernel Version 21.6.0: Wed Aug 10 14:25:27 PDT 2022; root:xnu-8020.141.5~2/RELEASE_X86_64 x86_64
OS uptime: 4 days 3:00 hours
rlimit (soft/hard): STACK 8192k/65532k , CORE 0k/infinity , NPROC 1392/2088 , NOFILE 10240/infinity , AS infinity/infinity , CPU infinity/infinity , DATA infinity/infinity , FSIZE infinity/infinity , MEMLOCK infinity/infinity , RSS infinity/infinity
load average: 3.99 3.72 5.46

CPU: total 4 (initial active 4) (2 cores per cpu, 2 threads per core) family 6 model 142 stepping 9 microcode 0xf0, cx8, cmov, fxsr, ht, mmx, 3dnowpref, sse, sse2, sse3, ssse3, sse4.1, sse4.2, popcnt, lzcnt, tsc, tscinvbit, avx, avx2, aes, erms, clmul, bmi1, bmi2, adx, fma, vzeroupper, clflush, clflushopt

Memory: 4k page, physical 8388608k(55836k free), swap 4194304k(1435904k free)

vm_info: OpenJDK 64-Bit Server VM (17.0.3+6-LTS) for bsd-amd64 JRE (17.0.3+6-LTS), built on Apr 15 2022 22:02:47 by "ec2user" with clang Apple LLVM 13.0.0 (clang-1300.0.29.30)

END.
